<?xml version="1.0" encoding="UTF-8"?>
<testng-results skipped="83" failed="86" ignored="0" total="239" passed="70">
  <reporter-output>
  </reporter-output>
  <suite name="Fedora API Specification Test Suite" duration-ms="37705" started-at="2019-08-02T16:43:48Z" finished-at="2019-08-02T16:44:26Z">
    <groups>
      <group name="MAY">
        <method signature="Container.createLDPDirectContainer()[pri:0, instance:org.fcrepo.spec.testsuite.crud.Container@5ecba515]" name="createLDPDirectContainer" class="org.fcrepo.spec.testsuite.crud.Container"/>
        <method signature="Container.createLDPIndirectContainer()[pri:0, instance:org.fcrepo.spec.testsuite.crud.Container@5ecba515]" name="createLDPIndirectContainer" class="org.fcrepo.spec.testsuite.crud.Container"/>
        <method signature="Container.ldpDirectContainerMayAllowLdpHasMemberRelationPredicateToBeUpdatedByPut()[pri:0, instance:org.fcrepo.spec.testsuite.crud.Container@5ecba515]" name="ldpDirectContainerMayAllowLdpHasMemberRelationPredicateToBeUpdatedByPut" class="org.fcrepo.spec.testsuite.crud.Container"/>
        <method signature="Container.ldpDirectContainerMayAllowLdpHasMemberRelationToBeUpdatedByPatch()[pri:0, instance:org.fcrepo.spec.testsuite.crud.Container@5ecba515]" name="ldpDirectContainerMayAllowLdpHasMemberRelationToBeUpdatedByPatch" class="org.fcrepo.spec.testsuite.crud.Container"/>
        <method signature="Container.ldpDirectContainerMayAllowLdpIsMemberRelationPredicateToBeUpdatedByPut()[pri:0, instance:org.fcrepo.spec.testsuite.crud.Container@5ecba515]" name="ldpDirectContainerMayAllowLdpIsMemberRelationPredicateToBeUpdatedByPut" class="org.fcrepo.spec.testsuite.crud.Container"/>
        <method signature="Container.ldpDirectContainerMayAllowLdpIsMemberRelationToBeUpdatedByPatch()[pri:0, instance:org.fcrepo.spec.testsuite.crud.Container@5ecba515]" name="ldpDirectContainerMayAllowLdpIsMemberRelationToBeUpdatedByPatch" class="org.fcrepo.spec.testsuite.crud.Container"/>
        <method signature="Container.ldpDirectContainerMayAllowLdpMembershipToBeUpdatedByPatch()[pri:0, instance:org.fcrepo.spec.testsuite.crud.Container@5ecba515]" name="ldpDirectContainerMayAllowLdpMembershipToBeUpdatedByPatch" class="org.fcrepo.spec.testsuite.crud.Container"/>
        <method signature="Container.ldpDirectContainerMayAllowLdpMembershipToBeUpdatedByPut()[pri:0, instance:org.fcrepo.spec.testsuite.crud.Container@5ecba515]" name="ldpDirectContainerMayAllowLdpMembershipToBeUpdatedByPut" class="org.fcrepo.spec.testsuite.crud.Container"/>
        <method signature="Container.ldpIndirectContainerMayAllowLdpHasMemberRelationPredicateToBeUpdatedByPut()[pri:0, instance:org.fcrepo.spec.testsuite.crud.Container@5ecba515]" name="ldpIndirectContainerMayAllowLdpHasMemberRelationPredicateToBeUpdatedByPut" class="org.fcrepo.spec.testsuite.crud.Container"/>
        <method signature="Container.ldpIndirectContainerMayAllowLdpHasMemberRelationToBeUpdatedByPatch()[pri:0, instance:org.fcrepo.spec.testsuite.crud.Container@5ecba515]" name="ldpIndirectContainerMayAllowLdpHasMemberRelationToBeUpdatedByPatch" class="org.fcrepo.spec.testsuite.crud.Container"/>
        <method signature="Container.ldpIndirectContainerMayAllowLdpInsertedContentRelationPredicateToBeUpdatedByPut()[pri:0, instance:org.fcrepo.spec.testsuite.crud.Container@5ecba515]" name="ldpIndirectContainerMayAllowLdpInsertedContentRelationPredicateToBeUpdatedByPut" class="org.fcrepo.spec.testsuite.crud.Container"/>
        <method signature="Container.ldpIndirectContainerMayAllowLdpInsertedContentRelationToBeUpdatedByPatch()[pri:0, instance:org.fcrepo.spec.testsuite.crud.Container@5ecba515]" name="ldpIndirectContainerMayAllowLdpInsertedContentRelationToBeUpdatedByPatch" class="org.fcrepo.spec.testsuite.crud.Container"/>
        <method signature="Container.ldpIndirectContainerMayAllowLdpIsMemberRelationPredicateToBeUpdatedByPut()[pri:0, instance:org.fcrepo.spec.testsuite.crud.Container@5ecba515]" name="ldpIndirectContainerMayAllowLdpIsMemberRelationPredicateToBeUpdatedByPut" class="org.fcrepo.spec.testsuite.crud.Container"/>
        <method signature="Container.ldpIndirectContainerMayAllowLdpIsMemberRelationToBeUpdatedByPatch()[pri:0, instance:org.fcrepo.spec.testsuite.crud.Container@5ecba515]" name="ldpIndirectContainerMayAllowLdpIsMemberRelationToBeUpdatedByPatch" class="org.fcrepo.spec.testsuite.crud.Container"/>
        <method signature="Container.ldpIndirectContainerMayAllowLdpMembershipToBeUpdatedByPatch()[pri:0, instance:org.fcrepo.spec.testsuite.crud.Container@5ecba515]" name="ldpIndirectContainerMayAllowLdpMembershipToBeUpdatedByPatch" class="org.fcrepo.spec.testsuite.crud.Container"/>
        <method signature="Container.ldpIndirectContainerMayAllowLdpMembershipToBeUpdatedByPut()[pri:0, instance:org.fcrepo.spec.testsuite.crud.Container@5ecba515]" name="ldpIndirectContainerMayAllowLdpMembershipToBeUpdatedByPut" class="org.fcrepo.spec.testsuite.crud.Container"/>
        <method signature="ExternalBinaryContent.binaryContentNoTypeDefault()[pri:0, instance:org.fcrepo.spec.testsuite.crud.ExternalBinaryContent@71178a52]" name="binaryContentNoTypeDefault" class="org.fcrepo.spec.testsuite.crud.ExternalBinaryContent"/>
        <method signature="ExternalBinaryContent.binaryContentNoTypeExternalType()[pri:0, instance:org.fcrepo.spec.testsuite.crud.ExternalBinaryContent@71178a52]" name="binaryContentNoTypeExternalType" class="org.fcrepo.spec.testsuite.crud.ExternalBinaryContent"/>
        <method signature="ExternalBinaryContent.binaryContentNoTypeUnsupported()[pri:0, instance:org.fcrepo.spec.testsuite.crud.ExternalBinaryContent@71178a52]" name="binaryContentNoTypeUnsupported" class="org.fcrepo.spec.testsuite.crud.ExternalBinaryContent"/>
        <method signature="HttpGet.additionalValuesForPreferHeaderContainedDescriptions()[pri:0, instance:org.fcrepo.spec.testsuite.crud.HttpGet@2abc224d]" name="additionalValuesForPreferHeaderContainedDescriptions" class="org.fcrepo.spec.testsuite.crud.HttpGet"/>
        <method signature="HttpPatch.ldpPatchContentTypeSupport()[pri:0, instance:org.fcrepo.spec.testsuite.crud.HttpPatch@18324f97]" name="ldpPatchContentTypeSupport" class="org.fcrepo.spec.testsuite.crud.HttpPatch"/>
        <method signature="HttpPut.httpPutChangeTypeAllowed()[pri:0, instance:org.fcrepo.spec.testsuite.crud.HttpPut@60723d6a]" name="httpPutChangeTypeAllowed" class="org.fcrepo.spec.testsuite.crud.HttpPut"/>
        <method signature="HttpPut.putCreateNonRDFSource()[pri:0, instance:org.fcrepo.spec.testsuite.crud.HttpPut@60723d6a]" name="putCreateNonRDFSource" class="org.fcrepo.spec.testsuite.crud.HttpPut"/>
        <method signature="HttpPut.putCreateRDFSource()[pri:0, instance:org.fcrepo.spec.testsuite.crud.HttpPut@60723d6a]" name="putCreateRDFSource" class="org.fcrepo.spec.testsuite.crud.HttpPut"/>
        <method signature="LdpcvHttpDelete.ldpcvMaySupportDelete()[pri:0, instance:org.fcrepo.spec.testsuite.versioning.LdpcvHttpDelete@5f84abe8]" name="ldpcvMaySupportDelete" class="org.fcrepo.spec.testsuite.versioning.LdpcvHttpDelete"/>
        <method signature="LdpcvHttpOptions.ldpcvMaySupportDeleteOption()[pri:0, instance:org.fcrepo.spec.testsuite.versioning.LdpcvHttpOptions@4650a407]" name="ldpcvMaySupportDeleteOption" class="org.fcrepo.spec.testsuite.versioning.LdpcvHttpOptions"/>
        <method signature="LdpcvHttpOptions.ldpcvMaySupportPatch()[pri:0, instance:org.fcrepo.spec.testsuite.versioning.LdpcvHttpOptions@4650a407]" name="ldpcvMaySupportPatch" class="org.fcrepo.spec.testsuite.versioning.LdpcvHttpOptions"/>
        <method signature="LdpcvHttpOptions.ldpcvMaySupportPost()[pri:0, instance:org.fcrepo.spec.testsuite.versioning.LdpcvHttpOptions@4650a407]" name="ldpcvMaySupportPost" class="org.fcrepo.spec.testsuite.versioning.LdpcvHttpOptions"/>
        <method signature="LdpcvHttpPost.ldpcvMayDisallowPatch()[pri:0, instance:org.fcrepo.spec.testsuite.versioning.LdpcvHttpPost@29be7749]" name="ldpcvMayDisallowPatch" class="org.fcrepo.spec.testsuite.versioning.LdpcvHttpPost"/>
        <method signature="LdpcvHttpPost.ldpcvMayDisallowPost()[pri:0, instance:org.fcrepo.spec.testsuite.versioning.LdpcvHttpPost@29be7749]" name="ldpcvMayDisallowPost" class="org.fcrepo.spec.testsuite.versioning.LdpcvHttpPost"/>
        <method signature="LdpcvHttpPost.ldpcvMayDisallowPut()[pri:0, instance:org.fcrepo.spec.testsuite.versioning.LdpcvHttpPost@29be7749]" name="ldpcvMayDisallowPut" class="org.fcrepo.spec.testsuite.versioning.LdpcvHttpPost"/>
        <method signature="LdprmHttpOptions.ldprmOptionsMaySupportDelete()[pri:0, instance:org.fcrepo.spec.testsuite.versioning.LdprmHttpOptions@2687f956]" name="ldprmOptionsMaySupportDelete" class="org.fcrepo.spec.testsuite.versioning.LdprmHttpOptions"/>
        <method signature="LdprvHttpPut.changeLDPRToAnLDPRv()[pri:0, instance:org.fcrepo.spec.testsuite.versioning.LdprvHttpPut@44afefd5]" name="changeLDPRToAnLDPRv" class="org.fcrepo.spec.testsuite.versioning.LdprvHttpPut"/>
        <method signature="ResourceVersioning.convertToLDPRViaPutWithType()[pri:0, instance:org.fcrepo.spec.testsuite.versioning.ResourceVersioning@30135202]" name="convertToLDPRViaPutWithType" class="org.fcrepo.spec.testsuite.versioning.ResourceVersioning"/>
        <method signature="StateToken.badStateTokenOnPatchWhenStateTokensIgnored()[pri:0, instance:org.fcrepo.spec.testsuite.crud.StateToken@ff6077]" name="badStateTokenOnPatchWhenStateTokensIgnored" class="org.fcrepo.spec.testsuite.crud.StateToken"/>
        <method signature="StateToken.badStateTokenOnPutWhenStateTokensIgnored()[pri:0, instance:org.fcrepo.spec.testsuite.crud.StateToken@ff6077]" name="badStateTokenOnPutWhenStateTokensIgnored" class="org.fcrepo.spec.testsuite.crud.StateToken"/>
        <method signature="StateToken.stateTokenGet()[pri:0, instance:org.fcrepo.spec.testsuite.crud.StateToken@ff6077]" name="stateTokenGet" class="org.fcrepo.spec.testsuite.crud.StateToken"/>
        <method signature="StateToken.stateTokenHead()[pri:0, instance:org.fcrepo.spec.testsuite.crud.StateToken@ff6077]" name="stateTokenHead" class="org.fcrepo.spec.testsuite.crud.StateToken"/>
        <method signature="WebACAccessToClass.accessToClassMayUseInference()[pri:0, instance:org.fcrepo.spec.testsuite.authz.WebACAccessToClass@6edaa77a]" name="accessToClassMayUseInference" class="org.fcrepo.spec.testsuite.authz.WebACAccessToClass"/>
        <method signature="WebACCrossDomain.restrictAclToLocal()[pri:0, instance:org.fcrepo.spec.testsuite.authz.WebACCrossDomain@1e63d216]" name="restrictAclToLocal" class="org.fcrepo.spec.testsuite.authz.WebACCrossDomain"/>
        <method signature="WebACCrossDomain.restrictGroupToLocal()[pri:0, instance:org.fcrepo.spec.testsuite.authz.WebACCrossDomain@1e63d216]" name="restrictGroupToLocal" class="org.fcrepo.spec.testsuite.authz.WebACCrossDomain"/>
        <method signature="WebACLinking.linkToAclOnCreation()[pri:0, instance:org.fcrepo.spec.testsuite.authz.WebACLinking@6a4d7f76]" name="linkToAclOnCreation" class="org.fcrepo.spec.testsuite.authz.WebACLinking"/>
      </group> <!-- MAY -->
      <group name="MUST">
        <method signature="Container.createLDPC()[pri:0, instance:org.fcrepo.spec.testsuite.crud.Container@5ecba515]" name="createLDPC" class="org.fcrepo.spec.testsuite.crud.Container"/>
        <method signature="Container.ldpDirectContainerMustAllowHasMemberRelationPredicateToBeSetOnCreate()[pri:0, instance:org.fcrepo.spec.testsuite.crud.Container@5ecba515]" name="ldpDirectContainerMustAllowHasMemberRelationPredicateToBeSetOnCreate" class="org.fcrepo.spec.testsuite.crud.Container"/>
        <method signature="Container.ldpDirectContainerMustAllowIsMemberOfRelationPredicateToBeSetOnCreate()[pri:0, instance:org.fcrepo.spec.testsuite.crud.Container@5ecba515]" name="ldpDirectContainerMustAllowIsMemberOfRelationPredicateToBeSetOnCreate" class="org.fcrepo.spec.testsuite.crud.Container"/>
        <method signature="Container.ldpDirectContainerMustAllowMembershipConstantURIToBeSet()[pri:0, instance:org.fcrepo.spec.testsuite.crud.Container@5ecba515]" name="ldpDirectContainerMustAllowMembershipConstantURIToBeSet" class="org.fcrepo.spec.testsuite.crud.Container"/>
        <method signature="Container.ldpDirectContainerMustAllowMembershipPredicateToBeSetByDefault()[pri:0, instance:org.fcrepo.spec.testsuite.crud.Container@5ecba515]" name="ldpDirectContainerMustAllowMembershipPredicateToBeSetByDefault" class="org.fcrepo.spec.testsuite.crud.Container"/>
        <method signature="Container.ldpDirectContainerMustSetLdpMembershipResourceByDefault()[pri:0, instance:org.fcrepo.spec.testsuite.crud.Container@5ecba515]" name="ldpDirectContainerMustSetLdpMembershipResourceByDefault" class="org.fcrepo.spec.testsuite.crud.Container"/>
        <method signature="Container.ldpIndirectContainerMustAllowHasMemberRelationPredicateToBeSetOnCreate()[pri:0, instance:org.fcrepo.spec.testsuite.crud.Container@5ecba515]" name="ldpIndirectContainerMustAllowHasMemberRelationPredicateToBeSetOnCreate" class="org.fcrepo.spec.testsuite.crud.Container"/>
        <method signature="Container.ldpIndirectContainerMustAllowInsertedContentRelationPredicateToBeSetOnCreate()[pri:0, instance:org.fcrepo.spec.testsuite.crud.Container@5ecba515]" name="ldpIndirectContainerMustAllowInsertedContentRelationPredicateToBeSetOnCreate" class="org.fcrepo.spec.testsuite.crud.Container"/>
        <method signature="Container.ldpIndirectContainerMustAllowInsertedContentRelationToBeSetByDefault()[pri:0, instance:org.fcrepo.spec.testsuite.crud.Container@5ecba515]" name="ldpIndirectContainerMustAllowInsertedContentRelationToBeSetByDefault" class="org.fcrepo.spec.testsuite.crud.Container"/>
        <method signature="Container.ldpIndirectContainerMustAllowIsMemberOfRelationPredicateToBeSetOnCreate()[pri:0, instance:org.fcrepo.spec.testsuite.crud.Container@5ecba515]" name="ldpIndirectContainerMustAllowIsMemberOfRelationPredicateToBeSetOnCreate" class="org.fcrepo.spec.testsuite.crud.Container"/>
        <method signature="Container.ldpIndirectContainerMustAllowMembershipConstantURIToBeSet()[pri:0, instance:org.fcrepo.spec.testsuite.crud.Container@5ecba515]" name="ldpIndirectContainerMustAllowMembershipConstantURIToBeSet" class="org.fcrepo.spec.testsuite.crud.Container"/>
        <method signature="Container.ldpIndirectContainerMustAllowMembershipPredicateToBeSetByDefault()[pri:0, instance:org.fcrepo.spec.testsuite.crud.Container@5ecba515]" name="ldpIndirectContainerMustAllowMembershipPredicateToBeSetByDefault" class="org.fcrepo.spec.testsuite.crud.Container"/>
        <method signature="Container.ldpIndirectContainerMustSetLdpMembershipResourceByDefault()[pri:0, instance:org.fcrepo.spec.testsuite.crud.Container@5ecba515]" name="ldpIndirectContainerMustSetLdpMembershipResourceByDefault" class="org.fcrepo.spec.testsuite.crud.Container"/>
        <method signature="Container.ldpcContainmentTriples()[pri:0, instance:org.fcrepo.spec.testsuite.crud.Container@5ecba515]" name="ldpcContainmentTriples" class="org.fcrepo.spec.testsuite.crud.Container"/>
        <method signature="Container.ldpcMembershipTriples()[pri:0, instance:org.fcrepo.spec.testsuite.crud.Container@5ecba515]" name="ldpcMembershipTriples" class="org.fcrepo.spec.testsuite.crud.Container"/>
        <method signature="Container.ldpcMinimalContainerTriples()[pri:0, instance:org.fcrepo.spec.testsuite.crud.Container@5ecba515]" name="ldpcMinimalContainerTriples" class="org.fcrepo.spec.testsuite.crud.Container"/>
        <method signature="ExternalBinaryContent.binaryContentGuaranteeHeaders()[pri:0, instance:org.fcrepo.spec.testsuite.crud.ExternalBinaryContent@71178a52]" name="binaryContentGuaranteeHeaders" class="org.fcrepo.spec.testsuite.crud.ExternalBinaryContent"/>
        <method signature="ExternalBinaryContent.binaryContentMediaType()[pri:0, instance:org.fcrepo.spec.testsuite.crud.ExternalBinaryContent@71178a52]" name="binaryContentMediaType" class="org.fcrepo.spec.testsuite.crud.ExternalBinaryContent"/>
        <method signature="ExternalBinaryContent.binaryContentOptions()[pri:0, instance:org.fcrepo.spec.testsuite.crud.ExternalBinaryContent@71178a52]" name="binaryContentOptions" class="org.fcrepo.spec.testsuite.crud.ExternalBinaryContent"/>
        <method signature="ExternalBinaryContent.binaryContentProxyWantDigest()[pri:0, instance:org.fcrepo.spec.testsuite.crud.ExternalBinaryContent@71178a52]" name="binaryContentProxyWantDigest" class="org.fcrepo.spec.testsuite.crud.ExternalBinaryContent"/>
        <method signature="ExternalBinaryContent.binaryContentRedirectStatusGet()[pri:0, instance:org.fcrepo.spec.testsuite.crud.ExternalBinaryContent@71178a52]" name="binaryContentRedirectStatusGet" class="org.fcrepo.spec.testsuite.crud.ExternalBinaryContent"/>
        <method signature="ExternalBinaryContent.binaryContentRedirectStatusHead()[pri:0, instance:org.fcrepo.spec.testsuite.crud.ExternalBinaryContent@71178a52]" name="binaryContentRedirectStatusHead" class="org.fcrepo.spec.testsuite.crud.ExternalBinaryContent"/>
        <method signature="ExternalBinaryContent.binaryContentRedirectWantDigest()[pri:0, instance:org.fcrepo.spec.testsuite.crud.ExternalBinaryContent@71178a52]" name="binaryContentRedirectWantDigest" class="org.fcrepo.spec.testsuite.crud.ExternalBinaryContent"/>
        <method signature="ExternalBinaryContent.externalBinaryContentHandlingAttribute()[pri:0, instance:org.fcrepo.spec.testsuite.crud.ExternalBinaryContent@71178a52]" name="externalBinaryContentHandlingAttribute" class="org.fcrepo.spec.testsuite.crud.ExternalBinaryContent"/>
        <method signature="ExternalBinaryContent.externalBinaryContentHandlingStatus()[pri:0, instance:org.fcrepo.spec.testsuite.crud.ExternalBinaryContent@71178a52]" name="externalBinaryContentHandlingStatus" class="org.fcrepo.spec.testsuite.crud.ExternalBinaryContent"/>
        <method signature="ExternalBinaryContent.unsupportedBinaryContentHandlingAttribute()[pri:0, instance:org.fcrepo.spec.testsuite.crud.ExternalBinaryContent@71178a52]" name="unsupportedBinaryContentHandlingAttribute" class="org.fcrepo.spec.testsuite.crud.ExternalBinaryContent"/>
        <method signature="ExternalBinaryContent.unsupportedExternalBinaryContentConstraint()[pri:0, instance:org.fcrepo.spec.testsuite.crud.ExternalBinaryContent@71178a52]" name="unsupportedExternalBinaryContentConstraint" class="org.fcrepo.spec.testsuite.crud.ExternalBinaryContent"/>
        <method signature="ExternalBinaryContent.unsupportedExternalBinaryContentStatus()[pri:0, instance:org.fcrepo.spec.testsuite.crud.ExternalBinaryContent@71178a52]" name="unsupportedExternalBinaryContentStatus" class="org.fcrepo.spec.testsuite.crud.ExternalBinaryContent"/>
        <method signature="HttpDelete.httpDeleteStatusCheck()[pri:0, instance:org.fcrepo.spec.testsuite.crud.HttpDelete@64f555e7]" name="httpDeleteStatusCheck" class="org.fcrepo.spec.testsuite.crud.HttpDelete"/>
        <method signature="HttpDelete.httpDeleteStatusCheckTwo()[pri:0, instance:org.fcrepo.spec.testsuite.crud.HttpDelete@64f555e7]" name="httpDeleteStatusCheckTwo" class="org.fcrepo.spec.testsuite.crud.HttpDelete"/>
        <method signature="HttpGet.respondWantDigestMd5()[pri:0, instance:org.fcrepo.spec.testsuite.crud.HttpGet@2abc224d]" name="respondWantDigestMd5" class="org.fcrepo.spec.testsuite.crud.HttpGet"/>
        <method signature="HttpGet.respondWantDigestNonSupported()[pri:0, instance:org.fcrepo.spec.testsuite.crud.HttpGet@2abc224d]" name="respondWantDigestNonSupported" class="org.fcrepo.spec.testsuite.crud.HttpGet"/>
        <method signature="HttpGet.respondWantDigestNonSupportedWithSupported()[pri:0, instance:org.fcrepo.spec.testsuite.crud.HttpGet@2abc224d]" name="respondWantDigestNonSupportedWithSupported" class="org.fcrepo.spec.testsuite.crud.HttpGet"/>
        <method signature="HttpGet.respondWantDigestSha1()[pri:0, instance:org.fcrepo.spec.testsuite.crud.HttpGet@2abc224d]" name="respondWantDigestSha1" class="org.fcrepo.spec.testsuite.crud.HttpGet"/>
        <method signature="HttpGet.respondWantDigestSha256()[pri:0, instance:org.fcrepo.spec.testsuite.crud.HttpGet@2abc224d]" name="respondWantDigestSha256" class="org.fcrepo.spec.testsuite.crud.HttpGet"/>
        <method signature="HttpGet.respondWantDigestTwoSupported()[pri:0, instance:org.fcrepo.spec.testsuite.crud.HttpGet@2abc224d]" name="respondWantDigestTwoSupported" class="org.fcrepo.spec.testsuite.crud.HttpGet"/>
        <method signature="HttpGet.respondWantDigestTwoSupportedQvalueNonZero()[pri:0, instance:org.fcrepo.spec.testsuite.crud.HttpGet@2abc224d]" name="respondWantDigestTwoSupportedQvalueNonZero" class="org.fcrepo.spec.testsuite.crud.HttpGet"/>
        <method signature="HttpGet.respondWantDigestTwoSupportedQvalueZero()[pri:0, instance:org.fcrepo.spec.testsuite.crud.HttpGet@2abc224d]" name="respondWantDigestTwoSupportedQvalueZero" class="org.fcrepo.spec.testsuite.crud.HttpGet"/>
        <method signature="HttpGet.responseDescribesHeader()[pri:0, instance:org.fcrepo.spec.testsuite.crud.HttpGet@2abc224d]" name="responseDescribesHeader" class="org.fcrepo.spec.testsuite.crud.HttpGet"/>
        <method signature="HttpGet.responsePreferenceAppliedHeader()[pri:0, instance:org.fcrepo.spec.testsuite.crud.HttpGet@2abc224d]" name="responsePreferenceAppliedHeader" class="org.fcrepo.spec.testsuite.crud.HttpGet"/>
        <method signature="HttpHead.httpHeadResponseDigest()[pri:0, instance:org.fcrepo.spec.testsuite.crud.HttpHead@13cd7ea5]" name="httpHeadResponseDigest" class="org.fcrepo.spec.testsuite.crud.HttpHead"/>
        <method signature="HttpHead.httpHeadResponseNoBody()[pri:0, instance:org.fcrepo.spec.testsuite.crud.HttpHead@13cd7ea5]" name="httpHeadResponseNoBody" class="org.fcrepo.spec.testsuite.crud.HttpHead"/>
        <method signature="HttpOptions.httpOptionsSupport()[pri:0, instance:org.fcrepo.spec.testsuite.crud.HttpOptions@102d92c4]" name="httpOptionsSupport" class="org.fcrepo.spec.testsuite.crud.HttpOptions"/>
        <method signature="HttpOptions.httpOptionsSupportAllow()[pri:0, instance:org.fcrepo.spec.testsuite.crud.HttpOptions@102d92c4]" name="httpOptionsSupportAllow" class="org.fcrepo.spec.testsuite.crud.HttpOptions"/>
        <method signature="HttpPatch.disallowChangeResourceType()[pri:0, instance:org.fcrepo.spec.testsuite.crud.HttpPatch@18324f97]" name="disallowChangeResourceType" class="org.fcrepo.spec.testsuite.crud.HttpPatch"/>
        <method signature="HttpPatch.disallowPatchContainmentTriples()[pri:0, instance:org.fcrepo.spec.testsuite.crud.HttpPatch@18324f97]" name="disallowPatchContainmentTriples" class="org.fcrepo.spec.testsuite.crud.HttpPatch"/>
        <method signature="HttpPatch.serverManagedPropertiesModification()[pri:0, instance:org.fcrepo.spec.testsuite.crud.HttpPatch@18324f97]" name="serverManagedPropertiesModification" class="org.fcrepo.spec.testsuite.crud.HttpPatch"/>
        <method signature="HttpPatch.statementNotPersistedConstrainedBy()[pri:0, instance:org.fcrepo.spec.testsuite.crud.HttpPatch@18324f97]" name="statementNotPersistedConstrainedBy" class="org.fcrepo.spec.testsuite.crud.HttpPatch"/>
        <method signature="HttpPatch.statementNotPersistedResponseBody()[pri:0, instance:org.fcrepo.spec.testsuite.crud.HttpPatch@18324f97]" name="statementNotPersistedResponseBody" class="org.fcrepo.spec.testsuite.crud.HttpPatch"/>
        <method signature="HttpPatch.successfulPatchStatusCode()[pri:0, instance:org.fcrepo.spec.testsuite.crud.HttpPatch@18324f97]" name="successfulPatchStatusCode" class="org.fcrepo.spec.testsuite.crud.HttpPatch"/>
        <method signature="HttpPatch.supportPatch()[pri:0, instance:org.fcrepo.spec.testsuite.crud.HttpPatch@18324f97]" name="supportPatch" class="org.fcrepo.spec.testsuite.crud.HttpPatch"/>
        <method signature="HttpPost.httpPost()[pri:0, instance:org.fcrepo.spec.testsuite.crud.HttpPost@2b97cc1f]" name="httpPost" class="org.fcrepo.spec.testsuite.crud.HttpPost"/>
        <method signature="HttpPost.postDigestResponseHeaderAuthentication()[pri:0, instance:org.fcrepo.spec.testsuite.crud.HttpPost@2b97cc1f]" name="postDigestResponseHeaderAuthentication" class="org.fcrepo.spec.testsuite.crud.HttpPost"/>
        <method signature="HttpPost.postNonRDFSource()[pri:0, instance:org.fcrepo.spec.testsuite.crud.HttpPost@2b97cc1f]" name="postNonRDFSource" class="org.fcrepo.spec.testsuite.crud.HttpPost"/>
        <method signature="HttpPost.postResourceAndCheckAssociatedResource()[pri:0, instance:org.fcrepo.spec.testsuite.crud.HttpPost@2b97cc1f]" name="postResourceAndCheckAssociatedResource" class="org.fcrepo.spec.testsuite.crud.HttpPost"/>
        <method signature="HttpPut.httpPutNR()[pri:0, instance:org.fcrepo.spec.testsuite.crud.HttpPut@60723d6a]" name="httpPutNR" class="org.fcrepo.spec.testsuite.crud.HttpPut"/>
        <method signature="HttpPut.httpPutUpdateDisallowedTriples()[pri:0, instance:org.fcrepo.spec.testsuite.crud.HttpPut@60723d6a]" name="httpPutUpdateDisallowedTriples" class="org.fcrepo.spec.testsuite.crud.HttpPut"/>
        <method signature="HttpPut.httpPutUpdateDisallowedTriplesConstrainedByHeader()[pri:0, instance:org.fcrepo.spec.testsuite.crud.HttpPut@60723d6a]" name="httpPutUpdateDisallowedTriplesConstrainedByHeader" class="org.fcrepo.spec.testsuite.crud.HttpPut"/>
        <method signature="HttpPut.httpPutUpdateDisallowedTriplesResponse()[pri:0, instance:org.fcrepo.spec.testsuite.crud.HttpPut@60723d6a]" name="httpPutUpdateDisallowedTriplesResponse" class="org.fcrepo.spec.testsuite.crud.HttpPut"/>
        <method signature="HttpPut.httpPutUpdateTriples()[pri:0, instance:org.fcrepo.spec.testsuite.crud.HttpPut@60723d6a]" name="httpPutUpdateTriples" class="org.fcrepo.spec.testsuite.crud.HttpPut"/>
        <method signature="HttpPut.nonRDFSourcePutDigestResponseHeaderAuthentication()[pri:0, instance:org.fcrepo.spec.testsuite.crud.HttpPut@60723d6a]" name="nonRDFSourcePutDigestResponseHeaderAuthentication" class="org.fcrepo.spec.testsuite.crud.HttpPut"/>
        <method signature="HttpPut.putNonRDFSourceCreateLDPRS()[pri:0, instance:org.fcrepo.spec.testsuite.crud.HttpPut@60723d6a]" name="putNonRDFSourceCreateLDPRS" class="org.fcrepo.spec.testsuite.crud.HttpPut"/>
        <method signature="LdpcvHttpGet.ldpcvMustHaveContainerLinkHeader()[pri:0, instance:org.fcrepo.spec.testsuite.versioning.LdpcvHttpGet@1ded7b14]" name="ldpcvMustHaveContainerLinkHeader" class="org.fcrepo.spec.testsuite.versioning.LdpcvHttpGet"/>
        <method signature="LdpcvHttpGet.ldpcvMustHaveTimeMapLinkHeader()[pri:0, instance:org.fcrepo.spec.testsuite.versioning.LdpcvHttpGet@1ded7b14]" name="ldpcvMustHaveTimeMapLinkHeader" class="org.fcrepo.spec.testsuite.versioning.LdpcvHttpGet"/>
        <method signature="LdpcvHttpGet.ldpcvMustIncludeAcceptPatchIfPatchAllowed()[pri:0, instance:org.fcrepo.spec.testsuite.versioning.LdpcvHttpGet@1ded7b14]" name="ldpcvMustIncludeAcceptPatchIfPatchAllowed" class="org.fcrepo.spec.testsuite.versioning.LdpcvHttpGet"/>
        <method signature="LdpcvHttpGet.ldpcvMustIncludeAcceptPostIfPostAllowed()[pri:0, instance:org.fcrepo.spec.testsuite.versioning.LdpcvHttpGet@1ded7b14]" name="ldpcvMustIncludeAcceptPostIfPostAllowed" class="org.fcrepo.spec.testsuite.versioning.LdpcvHttpGet"/>
        <method signature="LdpcvHttpGet.ldpcvMustRespondToGetWithApplicationLinkAcceptHeader()[pri:0, instance:org.fcrepo.spec.testsuite.versioning.LdpcvHttpGet@1ded7b14]" name="ldpcvMustRespondToGetWithApplicationLinkAcceptHeader" class="org.fcrepo.spec.testsuite.versioning.LdpcvHttpGet"/>
        <method signature="LdpcvHttpGet.ldpcvMustSupportGet()[pri:0, instance:org.fcrepo.spec.testsuite.versioning.LdpcvHttpGet@1ded7b14]" name="ldpcvMustSupportGet" class="org.fcrepo.spec.testsuite.versioning.LdpcvHttpGet"/>
        <method signature="LdpcvHttpGet.lpcvMustIncludeAllowHeader()[pri:0, instance:org.fcrepo.spec.testsuite.versioning.LdpcvHttpGet@1ded7b14]" name="lpcvMustIncludeAllowHeader" class="org.fcrepo.spec.testsuite.versioning.LdpcvHttpGet"/>
        <method signature="LdpcvHttpOptions.ldpcvMustReturnAcceptPatchHeaderIfPatchIsSupported()[pri:0, instance:org.fcrepo.spec.testsuite.versioning.LdpcvHttpOptions@4650a407]" name="ldpcvMustReturnAcceptPatchHeaderIfPatchIsSupported" class="org.fcrepo.spec.testsuite.versioning.LdpcvHttpOptions"/>
        <method signature="LdpcvHttpOptions.ldpcvMustReturnAcceptPostHeaderIfPostIsSupported()[pri:0, instance:org.fcrepo.spec.testsuite.versioning.LdpcvHttpOptions@4650a407]" name="ldpcvMustReturnAcceptPostHeaderIfPostIsSupported" class="org.fcrepo.spec.testsuite.versioning.LdpcvHttpOptions"/>
        <method signature="LdpcvHttpOptions.ldpcvMustSupportOptions()[pri:0, instance:org.fcrepo.spec.testsuite.versioning.LdpcvHttpOptions@4650a407]" name="ldpcvMustSupportOptions" class="org.fcrepo.spec.testsuite.versioning.LdpcvHttpOptions"/>
        <method signature="LdpcvHttpOptions.ldpcvOptionsMustAllowHeadGetOptions()[pri:0, instance:org.fcrepo.spec.testsuite.versioning.LdpcvHttpOptions@4650a407]" name="ldpcvOptionsMustAllowHeadGetOptions" class="org.fcrepo.spec.testsuite.versioning.LdpcvHttpOptions"/>
        <method signature="LdpcvHttpPost.ldpcvDoesNotSupportPost()[pri:0, instance:org.fcrepo.spec.testsuite.versioning.LdpcvHttpPost@29be7749]" name="ldpcvDoesNotSupportPost" class="org.fcrepo.spec.testsuite.versioning.LdpcvHttpPost"/>
        <method signature="LdpcvHttpPost.postToldpcvOfLdpnrWithoutMementoDatetimeMustIgnoreBody()[pri:0, instance:org.fcrepo.spec.testsuite.versioning.LdpcvHttpPost@29be7749]" name="postToldpcvOfLdpnrWithoutMementoDatetimeMustIgnoreBody" class="org.fcrepo.spec.testsuite.versioning.LdpcvHttpPost"/>
        <method signature="LdpcvHttpPost.postToldpcvOfLdprsWithoutMementoDatetimeMustIgnoreBody()[pri:0, instance:org.fcrepo.spec.testsuite.versioning.LdpcvHttpPost@29be7749]" name="postToldpcvOfLdprsWithoutMementoDatetimeMustIgnoreBody" class="org.fcrepo.spec.testsuite.versioning.LdpcvHttpPost"/>
        <method signature="LdprmHttpDelete.ldprmMustSupportDeleteIfAdvertised()[pri:0, instance:org.fcrepo.spec.testsuite.versioning.LdprmHttpDelete@72209d93]" name="ldprmMustSupportDeleteIfAdvertised" class="org.fcrepo.spec.testsuite.versioning.LdprmHttpDelete"/>
        <method signature="LdprmHttpGet.ldpnrmMustHaveCorrectTimeGate()[pri:0, instance:org.fcrepo.spec.testsuite.versioning.LdprmHttpGet@9a7a808]" name="ldpnrmMustHaveCorrectTimeGate" class="org.fcrepo.spec.testsuite.versioning.LdprmHttpGet"/>
        <method signature="LdprmHttpGet.ldpnrmMustHaveMementoLinkHeader()[pri:0, instance:org.fcrepo.spec.testsuite.versioning.LdprmHttpGet@9a7a808]" name="ldpnrmMustHaveMementoLinkHeader" class="org.fcrepo.spec.testsuite.versioning.LdprmHttpGet"/>
        <method signature="LdprmHttpGet.ldpnrmMustSupportGet()[pri:0, instance:org.fcrepo.spec.testsuite.versioning.LdprmHttpGet@9a7a808]" name="ldpnrmMustSupportGet" class="org.fcrepo.spec.testsuite.versioning.LdprmHttpGet"/>
        <method signature="LdprmHttpGet.ldprmMustHaveCorrectTimeGate()[pri:0, instance:org.fcrepo.spec.testsuite.versioning.LdprmHttpGet@9a7a808]" name="ldprmMustHaveCorrectTimeGate" class="org.fcrepo.spec.testsuite.versioning.LdprmHttpGet"/>
        <method signature="LdprmHttpGet.ldprmMustHaveMementoLinkHeader()[pri:0, instance:org.fcrepo.spec.testsuite.versioning.LdprmHttpGet@9a7a808]" name="ldprmMustHaveMementoLinkHeader" class="org.fcrepo.spec.testsuite.versioning.LdprmHttpGet"/>
        <method signature="LdprmHttpGet.ldprmMustSupportGet()[pri:0, instance:org.fcrepo.spec.testsuite.versioning.LdprmHttpGet@9a7a808]" name="ldprmMustSupportGet" class="org.fcrepo.spec.testsuite.versioning.LdprmHttpGet"/>
        <method signature="LdprmHttpOptions.ldprmMustNotSupportPatch()[pri:0, instance:org.fcrepo.spec.testsuite.versioning.LdprmHttpOptions@2687f956]" name="ldprmMustNotSupportPatch" class="org.fcrepo.spec.testsuite.versioning.LdprmHttpOptions"/>
        <method signature="LdprmHttpOptions.ldprmMustNotSupportPost()[pri:0, instance:org.fcrepo.spec.testsuite.versioning.LdprmHttpOptions@2687f956]" name="ldprmMustNotSupportPost" class="org.fcrepo.spec.testsuite.versioning.LdprmHttpOptions"/>
        <method signature="LdprmHttpOptions.ldprmMustNotSupportPut()[pri:0, instance:org.fcrepo.spec.testsuite.versioning.LdprmHttpOptions@2687f956]" name="ldprmMustNotSupportPut" class="org.fcrepo.spec.testsuite.versioning.LdprmHttpOptions"/>
        <method signature="LdprmHttpOptions.ldprmMustSupportOptions()[pri:0, instance:org.fcrepo.spec.testsuite.versioning.LdprmHttpOptions@2687f956]" name="ldprmMustSupportOptions" class="org.fcrepo.spec.testsuite.versioning.LdprmHttpOptions"/>
        <method signature="LdprmHttpOptions.ldprmOptionsMustSupportGetHeadAndOptions()[pri:0, instance:org.fcrepo.spec.testsuite.versioning.LdprmHttpOptions@2687f956]" name="ldprmOptionsMustSupportGetHeadAndOptions" class="org.fcrepo.spec.testsuite.versioning.LdprmHttpOptions"/>
        <method signature="LdprvHttpGet.ldpvGetMustReturnHeaderOriginalTypeLink()[pri:0, instance:org.fcrepo.spec.testsuite.versioning.LdprvHttpGet@abbc908]" name="ldpvGetMustReturnHeaderOriginalTypeLink" class="org.fcrepo.spec.testsuite.versioning.LdprvHttpGet"/>
        <method signature="LdprvHttpGet.ldpvGetMustReturnHeaderTimeGateTypeLink()[pri:0, instance:org.fcrepo.spec.testsuite.versioning.LdprvHttpGet@abbc908]" name="ldpvGetMustReturnHeaderTimeGateTypeLink" class="org.fcrepo.spec.testsuite.versioning.LdprvHttpGet"/>
        <method signature="LdprvHttpGet.ldpvGetMustReturnOriginalResourceLink()[pri:0, instance:org.fcrepo.spec.testsuite.versioning.LdprvHttpGet@abbc908]" name="ldpvGetMustReturnOriginalResourceLink" class="org.fcrepo.spec.testsuite.versioning.LdprvHttpGet"/>
        <method signature="LdprvHttpGet.ldpvGetMustReturnTimeGateTypeLink()[pri:0, instance:org.fcrepo.spec.testsuite.versioning.LdprvHttpGet@abbc908]" name="ldpvGetMustReturnTimeGateTypeLink" class="org.fcrepo.spec.testsuite.versioning.LdprvHttpGet"/>
        <method signature="LdprvHttpGet.ldpvGetMustReturnTimeMapLink()[pri:0, instance:org.fcrepo.spec.testsuite.versioning.LdprvHttpGet@abbc908]" name="ldpvGetMustReturnTimeMapLink" class="org.fcrepo.spec.testsuite.versioning.LdprvHttpGet"/>
        <method signature="LdprvHttpGet.ldpvGetMustReturnVaryHeader()[pri:0, instance:org.fcrepo.spec.testsuite.versioning.LdprvHttpGet@abbc908]" name="ldpvGetMustReturnVaryHeader" class="org.fcrepo.spec.testsuite.versioning.LdprvHttpGet"/>
        <method signature="LdprvHttpGet.shouldReturn302WhenLdprmFromTimeGate()[pri:0, instance:org.fcrepo.spec.testsuite.versioning.LdprvHttpGet@abbc908]" name="shouldReturn302WhenLdprmFromTimeGate" class="org.fcrepo.spec.testsuite.versioning.LdprvHttpGet"/>
        <method signature="LdprvHttpPut.ldpnrvMustSupportPUT()[pri:0, instance:org.fcrepo.spec.testsuite.versioning.LdprvHttpPut@44afefd5]" name="ldpnrvMustSupportPUT" class="org.fcrepo.spec.testsuite.versioning.LdprvHttpPut"/>
        <method signature="LdprvHttpPut.ldpnrvMustSupportPUTForExistingResources()[pri:0, instance:org.fcrepo.spec.testsuite.versioning.LdprvHttpPut@44afefd5]" name="ldpnrvMustSupportPUTForExistingResources" class="org.fcrepo.spec.testsuite.versioning.LdprvHttpPut"/>
        <method signature="LdprvHttpPut.ldprvMustSupportPUT()[pri:0, instance:org.fcrepo.spec.testsuite.versioning.LdprvHttpPut@44afefd5]" name="ldprvMustSupportPUT" class="org.fcrepo.spec.testsuite.versioning.LdprvHttpPut"/>
        <method signature="LdprvHttpPut.ldprvMustSupportPUTForExistingResources()[pri:0, instance:org.fcrepo.spec.testsuite.versioning.LdprvHttpPut@44afefd5]" name="ldprvMustSupportPUTForExistingResources" class="org.fcrepo.spec.testsuite.versioning.LdprvHttpPut"/>
        <method signature="NotificationTest.testCatchMessage()[pri:0, instance:org.fcrepo.spec.testsuite.event.NotificationTest@62ddd21b]" name="testCatchMessage" class="org.fcrepo.spec.testsuite.event.NotificationTest"/>
        <method signature="NotificationTest.testEventSerialization()[pri:0, instance:org.fcrepo.spec.testsuite.event.NotificationTest@62ddd21b]" name="testEventSerialization" class="org.fcrepo.spec.testsuite.event.NotificationTest"/>
        <method signature="ResourceVersioning.postLdprWithType()[pri:0, instance:org.fcrepo.spec.testsuite.versioning.ResourceVersioning@30135202]" name="postLdprWithType" class="org.fcrepo.spec.testsuite.versioning.ResourceVersioning"/>
        <method signature="StateToken.badStateTokenOnPatchWhenStateTokensSupported()[pri:0, instance:org.fcrepo.spec.testsuite.crud.StateToken@ff6077]" name="badStateTokenOnPatchWhenStateTokensSupported" class="org.fcrepo.spec.testsuite.crud.StateToken"/>
        <method signature="StateToken.badStateTokenOnPutWhenStateTokensSupported()[pri:0, instance:org.fcrepo.spec.testsuite.crud.StateToken@ff6077]" name="badStateTokenOnPutWhenStateTokensSupported" class="org.fcrepo.spec.testsuite.crud.StateToken"/>
        <method signature="StateToken.goodStateTokenOnPatchWhenStateTokensSupported()[pri:0, instance:org.fcrepo.spec.testsuite.crud.StateToken@ff6077]" name="goodStateTokenOnPatchWhenStateTokensSupported" class="org.fcrepo.spec.testsuite.crud.StateToken"/>
        <method signature="StateToken.goodStateTokenOnPutSucceedsWhenStateTokensSupported()[pri:0, instance:org.fcrepo.spec.testsuite.crud.StateToken@ff6077]" name="goodStateTokenOnPutSucceedsWhenStateTokensSupported" class="org.fcrepo.spec.testsuite.crud.StateToken"/>
        <method signature="WebACAccessToClass.accessToClassMustGiveAccessToBinary()[pri:0, instance:org.fcrepo.spec.testsuite.authz.WebACAccessToClass@6edaa77a]" name="accessToClassMustGiveAccessToBinary" class="org.fcrepo.spec.testsuite.authz.WebACAccessToClass"/>
        <method signature="WebACAccessToClass.accessToClassMustGiveAccessToContainer()[pri:0, instance:org.fcrepo.spec.testsuite.authz.WebACAccessToClass@6edaa77a]" name="accessToClassMustGiveAccessToContainer" class="org.fcrepo.spec.testsuite.authz.WebACAccessToClass"/>
        <method signature="WebACCrossDomain.rejectRemoteAclConstraint()[pri:0, instance:org.fcrepo.spec.testsuite.authz.WebACCrossDomain@1e63d216]" name="rejectRemoteAclConstraint" class="org.fcrepo.spec.testsuite.authz.WebACCrossDomain"/>
        <method signature="WebACCrossDomain.rejectRemoteAclStatus()[pri:0, instance:org.fcrepo.spec.testsuite.authz.WebACCrossDomain@1e63d216]" name="rejectRemoteAclStatus" class="org.fcrepo.spec.testsuite.authz.WebACCrossDomain"/>
        <method signature="WebACCrossDomain.rejectRemoteGroupConstraint()[pri:0, instance:org.fcrepo.spec.testsuite.authz.WebACCrossDomain@1e63d216]" name="rejectRemoteGroupConstraint" class="org.fcrepo.spec.testsuite.authz.WebACCrossDomain"/>
        <method signature="WebACCrossDomain.rejectRemoteGroupStatus()[pri:0, instance:org.fcrepo.spec.testsuite.authz.WebACCrossDomain@1e63d216]" name="rejectRemoteGroupStatus" class="org.fcrepo.spec.testsuite.authz.WebACCrossDomain"/>
        <method signature="WebACDefaultACLs.aclInheritanceMustUseLdpContainmentRelationships()[pri:0, instance:org.fcrepo.spec.testsuite.authz.WebACDefaultACLs@245a060f]" name="aclInheritanceMustUseLdpContainmentRelationships" class="org.fcrepo.spec.testsuite.authz.WebACDefaultACLs"/>
        <method signature="WebACGeneral.agentAll()[pri:0, instance:org.fcrepo.spec.testsuite.authz.WebACGeneral@aced190]" name="agentAll" class="org.fcrepo.spec.testsuite.authz.WebACGeneral"/>
        <method signature="WebACGeneral.agentDouble()[pri:0, instance:org.fcrepo.spec.testsuite.authz.WebACGeneral@aced190]" name="agentDouble" class="org.fcrepo.spec.testsuite.authz.WebACGeneral"/>
        <method signature="WebACGeneral.agentGroup()[pri:0, instance:org.fcrepo.spec.testsuite.authz.WebACGeneral@aced190]" name="agentGroup" class="org.fcrepo.spec.testsuite.authz.WebACGeneral"/>
        <method signature="WebACGeneral.agentGroupWithHashUris()[pri:0, instance:org.fcrepo.spec.testsuite.authz.WebACGeneral@aced190]" name="agentGroupWithHashUris" class="org.fcrepo.spec.testsuite.authz.WebACGeneral"/>
        <method signature="WebACGeneral.agentSingle()[pri:0, instance:org.fcrepo.spec.testsuite.authz.WebACGeneral@aced190]" name="agentSingle" class="org.fcrepo.spec.testsuite.authz.WebACGeneral"/>
        <method signature="WebACGeneral.allAuthenticatedAgents()[pri:0, instance:org.fcrepo.spec.testsuite.authz.WebACGeneral@aced190]" name="allAuthenticatedAgents" class="org.fcrepo.spec.testsuite.authz.WebACGeneral"/>
        <method signature="WebACGeneral.resourceSingle()[pri:0, instance:org.fcrepo.spec.testsuite.authz.WebACGeneral@aced190]" name="resourceSingle" class="org.fcrepo.spec.testsuite.authz.WebACGeneral"/>
        <method signature="WebACLinkHeaders.linkToAclExisting()[pri:0, instance:org.fcrepo.spec.testsuite.authz.WebACLinkHeaders@53dfacba]" name="linkToAclExisting" class="org.fcrepo.spec.testsuite.authz.WebACLinkHeaders"/>
        <method signature="WebACLinkHeaders.linkToAclNonexisting()[pri:0, instance:org.fcrepo.spec.testsuite.authz.WebACLinkHeaders@53dfacba]" name="linkToAclNonexisting" class="org.fcrepo.spec.testsuite.authz.WebACLinkHeaders"/>
        <method signature="WebACLinking.conflictIfNotSupportingAclLink()[pri:0, instance:org.fcrepo.spec.testsuite.authz.WebACLinking@6a4d7f76]" name="conflictIfNotSupportingAclLink" class="org.fcrepo.spec.testsuite.authz.WebACLinking"/>
        <method signature="WebACModes.appendAllowedPATCH()[pri:0, instance:org.fcrepo.spec.testsuite.authz.WebACModes@10ec523c]" name="appendAllowedPATCH" class="org.fcrepo.spec.testsuite.authz.WebACModes"/>
        <method signature="WebACModes.appendAllowedPOST()[pri:0, instance:org.fcrepo.spec.testsuite.authz.WebACModes@10ec523c]" name="appendAllowedPOST" class="org.fcrepo.spec.testsuite.authz.WebACModes"/>
        <method signature="WebACModes.appendDisallowed()[pri:0, instance:org.fcrepo.spec.testsuite.authz.WebACModes@10ec523c]" name="appendDisallowed" class="org.fcrepo.spec.testsuite.authz.WebACModes"/>
        <method signature="WebACModes.appendNotWriteLdpCMust()[pri:0, instance:org.fcrepo.spec.testsuite.authz.WebACModes@10ec523c]" name="appendNotWriteLdpCMust" class="org.fcrepo.spec.testsuite.authz.WebACModes"/>
        <method signature="WebACModes.appendNotWriteLdpNr()[pri:0, instance:org.fcrepo.spec.testsuite.authz.WebACModes@10ec523c]" name="appendNotWriteLdpNr" class="org.fcrepo.spec.testsuite.authz.WebACModes"/>
        <method signature="WebACModes.appendNotWriteLdpRsMust()[pri:0, instance:org.fcrepo.spec.testsuite.authz.WebACModes@10ec523c]" name="appendNotWriteLdpRsMust" class="org.fcrepo.spec.testsuite.authz.WebACModes"/>
        <method signature="WebACModes.appendNotWritePutToCreate()[pri:0, instance:org.fcrepo.spec.testsuite.authz.WebACModes@10ec523c]" name="appendNotWritePutToCreate" class="org.fcrepo.spec.testsuite.authz.WebACModes"/>
        <method signature="WebACModes.controlAllowedGET()[pri:0, instance:org.fcrepo.spec.testsuite.authz.WebACModes@10ec523c]" name="controlAllowedGET" class="org.fcrepo.spec.testsuite.authz.WebACModes"/>
        <method signature="WebACModes.controlAllowedPATCH()[pri:0, instance:org.fcrepo.spec.testsuite.authz.WebACModes@10ec523c]" name="controlAllowedPATCH" class="org.fcrepo.spec.testsuite.authz.WebACModes"/>
        <method signature="WebACModes.controlAllowedPUT()[pri:0, instance:org.fcrepo.spec.testsuite.authz.WebACModes@10ec523c]" name="controlAllowedPUT" class="org.fcrepo.spec.testsuite.authz.WebACModes"/>
        <method signature="WebACModes.controlDisallowedGET()[pri:0, instance:org.fcrepo.spec.testsuite.authz.WebACModes@10ec523c]" name="controlDisallowedGET" class="org.fcrepo.spec.testsuite.authz.WebACModes"/>
        <method signature="WebACModes.controlDisallowedPATCH()[pri:0, instance:org.fcrepo.spec.testsuite.authz.WebACModes@10ec523c]" name="controlDisallowedPATCH" class="org.fcrepo.spec.testsuite.authz.WebACModes"/>
        <method signature="WebACModes.controlDisallowedPUT()[pri:0, instance:org.fcrepo.spec.testsuite.authz.WebACModes@10ec523c]" name="controlDisallowedPUT" class="org.fcrepo.spec.testsuite.authz.WebACModes"/>
        <method signature="WebACModes.readAllowedGET()[pri:0, instance:org.fcrepo.spec.testsuite.authz.WebACModes@10ec523c]" name="readAllowedGET" class="org.fcrepo.spec.testsuite.authz.WebACModes"/>
        <method signature="WebACModes.readAllowedHEAD()[pri:0, instance:org.fcrepo.spec.testsuite.authz.WebACModes@10ec523c]" name="readAllowedHEAD" class="org.fcrepo.spec.testsuite.authz.WebACModes"/>
        <method signature="WebACModes.readDisallowed()[pri:0, instance:org.fcrepo.spec.testsuite.authz.WebACModes@10ec523c]" name="readDisallowed" class="org.fcrepo.spec.testsuite.authz.WebACModes"/>
        <method signature="WebACModes.writeAllowedDELETE()[pri:0, instance:org.fcrepo.spec.testsuite.authz.WebACModes@10ec523c]" name="writeAllowedDELETE" class="org.fcrepo.spec.testsuite.authz.WebACModes"/>
        <method signature="WebACModes.writeAllowedPATCH()[pri:0, instance:org.fcrepo.spec.testsuite.authz.WebACModes@10ec523c]" name="writeAllowedPATCH" class="org.fcrepo.spec.testsuite.authz.WebACModes"/>
        <method signature="WebACModes.writeAllowedPOST()[pri:0, instance:org.fcrepo.spec.testsuite.authz.WebACModes@10ec523c]" name="writeAllowedPOST" class="org.fcrepo.spec.testsuite.authz.WebACModes"/>
        <method signature="WebACModes.writeAllowedPUT()[pri:0, instance:org.fcrepo.spec.testsuite.authz.WebACModes@10ec523c]" name="writeAllowedPUT" class="org.fcrepo.spec.testsuite.authz.WebACModes"/>
        <method signature="WebACModes.writeDisallowedDelete()[pri:0, instance:org.fcrepo.spec.testsuite.authz.WebACModes@10ec523c]" name="writeDisallowedDelete" class="org.fcrepo.spec.testsuite.authz.WebACModes"/>
        <method signature="WebACModes.writeDisallowedPatch()[pri:0, instance:org.fcrepo.spec.testsuite.authz.WebACModes@10ec523c]" name="writeDisallowedPatch" class="org.fcrepo.spec.testsuite.authz.WebACModes"/>
        <method signature="WebACModes.writeDisallowedPost()[pri:0, instance:org.fcrepo.spec.testsuite.authz.WebACModes@10ec523c]" name="writeDisallowedPost" class="org.fcrepo.spec.testsuite.authz.WebACModes"/>
        <method signature="WebACModes.writeDisallowedPut()[pri:0, instance:org.fcrepo.spec.testsuite.authz.WebACModes@10ec523c]" name="writeDisallowedPut" class="org.fcrepo.spec.testsuite.authz.WebACModes"/>
        <method signature="WebACRdfSources.aclIsLDPRS()[pri:0, instance:org.fcrepo.spec.testsuite.authz.WebACRdfSources@78411116]" name="aclIsLDPRS" class="org.fcrepo.spec.testsuite.authz.WebACRdfSources"/>
        <method signature="WebACRepresentation.accessDenied()[pri:0, instance:org.fcrepo.spec.testsuite.authz.WebACRepresentation@79767781]" name="accessDenied" class="org.fcrepo.spec.testsuite.authz.WebACRepresentation"/>
        <method signature="WebACRepresentation.aclExamined()[pri:0, instance:org.fcrepo.spec.testsuite.authz.WebACRepresentation@79767781]" name="aclExamined" class="org.fcrepo.spec.testsuite.authz.WebACRepresentation"/>
        <method signature="WebACRepresentation.aclRepresentation()[pri:0, instance:org.fcrepo.spec.testsuite.authz.WebACRepresentation@79767781]" name="aclRepresentation" class="org.fcrepo.spec.testsuite.authz.WebACRepresentation"/>
        <method signature="WebACRepresentation.dereferencingGroups()[pri:0, instance:org.fcrepo.spec.testsuite.authz.WebACRepresentation@79767781]" name="dereferencingGroups" class="org.fcrepo.spec.testsuite.authz.WebACRepresentation"/>
        <method signature="WebACRepresentation.onlyAuthorizationStatementsUsed()[pri:0, instance:org.fcrepo.spec.testsuite.authz.WebACRepresentation@79767781]" name="onlyAuthorizationStatementsUsed" class="org.fcrepo.spec.testsuite.authz.WebACRepresentation"/>
      </group> <!-- MUST -->
      <group name="SHOULD">
        <method signature="Container.ldpDirectContainerMustSetLdpMembershipResourceValueToLDPCByDefault()[pri:0, instance:org.fcrepo.spec.testsuite.crud.Container@5ecba515]" name="ldpDirectContainerMustSetLdpMembershipResourceValueToLDPCByDefault" class="org.fcrepo.spec.testsuite.crud.Container"/>
        <method signature="Container.ldpDirectContainerShouldUseLdpMemberByDefault()[pri:0, instance:org.fcrepo.spec.testsuite.crud.Container@5ecba515]" name="ldpDirectContainerShouldUseLdpMemberByDefault" class="org.fcrepo.spec.testsuite.crud.Container"/>
        <method signature="Container.ldpIndirectContainerMustSetLdpMembershipResourceValueToLDPCByDefault()[pri:0, instance:org.fcrepo.spec.testsuite.crud.Container@5ecba515]" name="ldpIndirectContainerMustSetLdpMembershipResourceValueToLDPCByDefault" class="org.fcrepo.spec.testsuite.crud.Container"/>
        <method signature="Container.ldpIndirectContainerShouldUseLdpMemberByDefault()[pri:0, instance:org.fcrepo.spec.testsuite.crud.Container@5ecba515]" name="ldpIndirectContainerShouldUseLdpMemberByDefault" class="org.fcrepo.spec.testsuite.crud.Container"/>
        <method signature="Container.ldpIndirectContainerShouldUseLdpMemberSubjectByDefault()[pri:0, instance:org.fcrepo.spec.testsuite.crud.Container@5ecba515]" name="ldpIndirectContainerShouldUseLdpMemberSubjectByDefault" class="org.fcrepo.spec.testsuite.crud.Container"/>
        <method signature="ExternalBinaryContent.binaryContentContentTypeAndNoType()[pri:0, instance:org.fcrepo.spec.testsuite.crud.ExternalBinaryContent@71178a52]" name="binaryContentContentTypeAndNoType" class="org.fcrepo.spec.testsuite.crud.ExternalBinaryContent"/>
        <method signature="ExternalBinaryContent.binaryContentContentTypeAndType()[pri:0, instance:org.fcrepo.spec.testsuite.crud.ExternalBinaryContent@71178a52]" name="binaryContentContentTypeAndType" class="org.fcrepo.spec.testsuite.crud.ExternalBinaryContent"/>
        <method signature="ExternalBinaryContent.postCreateExternalBinaryContentCopy()[pri:0, instance:org.fcrepo.spec.testsuite.crud.ExternalBinaryContent@71178a52]" name="postCreateExternalBinaryContentCopy" class="org.fcrepo.spec.testsuite.crud.ExternalBinaryContent"/>
        <method signature="ExternalBinaryContent.postCreateExternalBinaryContentProxy()[pri:0, instance:org.fcrepo.spec.testsuite.crud.ExternalBinaryContent@71178a52]" name="postCreateExternalBinaryContentProxy" class="org.fcrepo.spec.testsuite.crud.ExternalBinaryContent"/>
        <method signature="ExternalBinaryContent.postCreateExternalBinaryContentRedirect()[pri:0, instance:org.fcrepo.spec.testsuite.crud.ExternalBinaryContent@71178a52]" name="postCreateExternalBinaryContentRedirect" class="org.fcrepo.spec.testsuite.crud.ExternalBinaryContent"/>
        <method signature="ExternalBinaryContent.postCreateExternalFileUriBinaryCopy()[pri:0, instance:org.fcrepo.spec.testsuite.crud.ExternalBinaryContent@71178a52]" name="postCreateExternalFileUriBinaryCopy" class="org.fcrepo.spec.testsuite.crud.ExternalBinaryContent"/>
        <method signature="ExternalBinaryContent.postCreateExternalFileUriBinaryProxy()[pri:0, instance:org.fcrepo.spec.testsuite.crud.ExternalBinaryContent@71178a52]" name="postCreateExternalFileUriBinaryProxy" class="org.fcrepo.spec.testsuite.crud.ExternalBinaryContent"/>
        <method signature="ExternalBinaryContent.postCreateExternalFileUriBinaryRedirect()[pri:0, instance:org.fcrepo.spec.testsuite.crud.ExternalBinaryContent@71178a52]" name="postCreateExternalFileUriBinaryRedirect" class="org.fcrepo.spec.testsuite.crud.ExternalBinaryContent"/>
        <method signature="ExternalBinaryContent.putCreateExternalBinaryContentCopy()[pri:0, instance:org.fcrepo.spec.testsuite.crud.ExternalBinaryContent@71178a52]" name="putCreateExternalBinaryContentCopy" class="org.fcrepo.spec.testsuite.crud.ExternalBinaryContent"/>
        <method signature="ExternalBinaryContent.putCreateExternalBinaryContentProxy()[pri:0, instance:org.fcrepo.spec.testsuite.crud.ExternalBinaryContent@71178a52]" name="putCreateExternalBinaryContentProxy" class="org.fcrepo.spec.testsuite.crud.ExternalBinaryContent"/>
        <method signature="ExternalBinaryContent.putCreateExternalBinaryContentRedirect()[pri:0, instance:org.fcrepo.spec.testsuite.crud.ExternalBinaryContent@71178a52]" name="putCreateExternalBinaryContentRedirect" class="org.fcrepo.spec.testsuite.crud.ExternalBinaryContent"/>
        <method signature="ExternalBinaryContent.putCreateExternalFileUriBinaryCopy()[pri:0, instance:org.fcrepo.spec.testsuite.crud.ExternalBinaryContent@71178a52]" name="putCreateExternalFileUriBinaryCopy" class="org.fcrepo.spec.testsuite.crud.ExternalBinaryContent"/>
        <method signature="ExternalBinaryContent.putCreateExternalFileUriBinaryProxy()[pri:0, instance:org.fcrepo.spec.testsuite.crud.ExternalBinaryContent@71178a52]" name="putCreateExternalFileUriBinaryProxy" class="org.fcrepo.spec.testsuite.crud.ExternalBinaryContent"/>
        <method signature="ExternalBinaryContent.putCreateExternalFileUriBinaryRedirect()[pri:0, instance:org.fcrepo.spec.testsuite.crud.ExternalBinaryContent@71178a52]" name="putCreateExternalFileUriBinaryRedirect" class="org.fcrepo.spec.testsuite.crud.ExternalBinaryContent"/>
        <method signature="ExternalBinaryContent.putUpdateExternalBinaryContentCopy()[pri:0, instance:org.fcrepo.spec.testsuite.crud.ExternalBinaryContent@71178a52]" name="putUpdateExternalBinaryContentCopy" class="org.fcrepo.spec.testsuite.crud.ExternalBinaryContent"/>
        <method signature="ExternalBinaryContent.putUpdateExternalBinaryContentProxy()[pri:0, instance:org.fcrepo.spec.testsuite.crud.ExternalBinaryContent@71178a52]" name="putUpdateExternalBinaryContentProxy" class="org.fcrepo.spec.testsuite.crud.ExternalBinaryContent"/>
        <method signature="ExternalBinaryContent.putUpdateExternalBinaryContentRedirect()[pri:0, instance:org.fcrepo.spec.testsuite.crud.ExternalBinaryContent@71178a52]" name="putUpdateExternalBinaryContentRedirect" class="org.fcrepo.spec.testsuite.crud.ExternalBinaryContent"/>
        <method signature="ExternalBinaryContent.putUpdateExternalFileUriBinaryCopy()[pri:0, instance:org.fcrepo.spec.testsuite.crud.ExternalBinaryContent@71178a52]" name="putUpdateExternalFileUriBinaryCopy" class="org.fcrepo.spec.testsuite.crud.ExternalBinaryContent"/>
        <method signature="ExternalBinaryContent.putUpdateExternalFileUriBinaryProxy()[pri:0, instance:org.fcrepo.spec.testsuite.crud.ExternalBinaryContent@71178a52]" name="putUpdateExternalFileUriBinaryProxy" class="org.fcrepo.spec.testsuite.crud.ExternalBinaryContent"/>
        <method signature="ExternalBinaryContent.putUpdateExternalFileUriBinaryRedirect()[pri:0, instance:org.fcrepo.spec.testsuite.crud.ExternalBinaryContent@71178a52]" name="putUpdateExternalFileUriBinaryRedirect" class="org.fcrepo.spec.testsuite.crud.ExternalBinaryContent"/>
        <method signature="HttpDelete.httpDeleteOptionsCheck()[pri:0, instance:org.fcrepo.spec.testsuite.crud.HttpDelete@64f555e7]" name="httpDeleteOptionsCheck" class="org.fcrepo.spec.testsuite.crud.HttpDelete"/>
        <method signature="HttpGet.additionalValuesForPreferHeader()[pri:0, instance:org.fcrepo.spec.testsuite.crud.HttpGet@2abc224d]" name="additionalValuesForPreferHeader" class="org.fcrepo.spec.testsuite.crud.HttpGet"/>
        <method signature="HttpHead.httpHeadResponseHeadersSameAsHttpGet()[pri:0, instance:org.fcrepo.spec.testsuite.crud.HttpHead@13cd7ea5]" name="httpHeadResponseHeadersSameAsHttpGet" class="org.fcrepo.spec.testsuite.crud.HttpHead"/>
        <method signature="HttpPost.postDigestResponseHeaderVerification()[pri:0, instance:org.fcrepo.spec.testsuite.crud.HttpPost@2b97cc1f]" name="postDigestResponseHeaderVerification" class="org.fcrepo.spec.testsuite.crud.HttpPost"/>
        <method signature="HttpPut.httpPutChangeTypeNotAllowed()[pri:0, instance:org.fcrepo.spec.testsuite.crud.HttpPut@60723d6a]" name="httpPutChangeTypeNotAllowed" class="org.fcrepo.spec.testsuite.crud.HttpPut"/>
        <method signature="HttpPut.nonRDFSourcePutDigestResponseHeaderVerification()[pri:0, instance:org.fcrepo.spec.testsuite.crud.HttpPut@60723d6a]" name="nonRDFSourcePutDigestResponseHeaderVerification" class="org.fcrepo.spec.testsuite.crud.HttpPut"/>
        <method signature="LdpcvHttpDelete.ldpcvThatAdvertisesDeleteShouldRemoveContainerAndMementos()[pri:0, instance:org.fcrepo.spec.testsuite.versioning.LdpcvHttpDelete@5f84abe8]" name="ldpcvThatAdvertisesDeleteShouldRemoveContainerAndMementos" class="org.fcrepo.spec.testsuite.versioning.LdpcvHttpDelete"/>
        <method signature="LdpcvHttpPost.ldpcvOfLdpnrsShouldSupportPostWithoutMementoDatetimeHeader()[pri:0, instance:org.fcrepo.spec.testsuite.versioning.LdpcvHttpPost@29be7749]" name="ldpcvOfLdpnrsShouldSupportPostWithoutMementoDatetimeHeader" class="org.fcrepo.spec.testsuite.versioning.LdpcvHttpPost"/>
        <method signature="LdpcvHttpPost.ldpcvOfLdprsShouldSupportPostWithoutMementoDatetimeHeader()[pri:0, instance:org.fcrepo.spec.testsuite.versioning.LdpcvHttpPost@29be7749]" name="ldpcvOfLdprsShouldSupportPostWithoutMementoDatetimeHeader" class="org.fcrepo.spec.testsuite.versioning.LdpcvHttpPost"/>
        <method signature="LdpcvHttpPost.mementoDatetimeHeaderShouldMatchThatUsedWhenMementoCreated()[pri:0, instance:org.fcrepo.spec.testsuite.versioning.LdpcvHttpPost@29be7749]" name="mementoDatetimeHeaderShouldMatchThatUsedWhenMementoCreated" class="org.fcrepo.spec.testsuite.versioning.LdpcvHttpPost"/>
        <method signature="LdpcvHttpPost.postToldpcvOfLdprWithMementoDatetimeShouldCreateNewResource()[pri:0, instance:org.fcrepo.spec.testsuite.versioning.LdpcvHttpPost@29be7749]" name="postToldpcvOfLdprWithMementoDatetimeShouldCreateNewResource" class="org.fcrepo.spec.testsuite.versioning.LdpcvHttpPost"/>
        <method signature="Ldpnr.ldpnrCreationLinkType()[pri:0, instance:org.fcrepo.spec.testsuite.crud.Ldpnr@512d4583]" name="ldpnrCreationLinkType" class="org.fcrepo.spec.testsuite.crud.Ldpnr"/>
        <method signature="Ldpnr.ldpnrCreationWrongLinkType()[pri:0, instance:org.fcrepo.spec.testsuite.crud.Ldpnr@512d4583]" name="ldpnrCreationWrongLinkType" class="org.fcrepo.spec.testsuite.crud.Ldpnr"/>
        <method signature="LdprvHttpGet.shouldReturn406WhenNoLdprm()[pri:0, instance:org.fcrepo.spec.testsuite.versioning.LdprvHttpGet@abbc908]" name="shouldReturn406WhenNoLdprm" class="org.fcrepo.spec.testsuite.versioning.LdprvHttpGet"/>
        <method signature="NotificationTest.testEventSerializationShould()[pri:0, instance:org.fcrepo.spec.testsuite.event.NotificationTest@62ddd21b]" name="testEventSerializationShould" class="org.fcrepo.spec.testsuite.event.NotificationTest"/>
        <method signature="WebACDefaultACLs.defaultAclOnSameServer()[pri:0, instance:org.fcrepo.spec.testsuite.authz.WebACDefaultACLs@245a060f]" name="defaultAclOnSameServer" class="org.fcrepo.spec.testsuite.authz.WebACDefaultACLs"/>
        <method signature="WebACDefaultACLs.serverSuppliedDefaultAcl()[pri:0, instance:org.fcrepo.spec.testsuite.authz.WebACDefaultACLs@245a060f]" name="serverSuppliedDefaultAcl" class="org.fcrepo.spec.testsuite.authz.WebACDefaultACLs"/>
        <method signature="WebACLinkHeaders.aclOnSameServer()[pri:0, instance:org.fcrepo.spec.testsuite.authz.WebACLinkHeaders@53dfacba]" name="aclOnSameServer" class="org.fcrepo.spec.testsuite.authz.WebACLinkHeaders"/>
        <method signature="WebACModes.appendNotWriteLdpRsShould()[pri:0, instance:org.fcrepo.spec.testsuite.authz.WebACModes@10ec523c]" name="appendNotWriteLdpRsShould" class="org.fcrepo.spec.testsuite.authz.WebACModes"/>
      </group> <!-- SHOULD -->
    </groups>
    <test name="Fedora API Specification Tests" duration-ms="37705" started-at="2019-08-02T16:43:48Z" finished-at="2019-08-02T16:44:26Z">
      <class name="org.fcrepo.spec.testsuite.versioning.LdpcvHttpOptions">
        <test-method status="PASS" signature="setup()[pri:0, instance:org.fcrepo.spec.testsuite.versioning.LdpcvHttpOptions@4650a407]" name="setup" is-config="true" duration-ms="1" started-at="2019-08-02T12:43:53Z" finished-at="2019-08-02T12:43:53Z">
          <reporter-output>
          </reporter-output>
        </test-method> <!-- setup -->
        <test-method status="SKIP" signature="ldpcvMaySupportDeleteOption()[pri:0, instance:org.fcrepo.spec.testsuite.versioning.LdpcvHttpOptions@4650a407]" name="ldpcvMaySupportDeleteOption" duration-ms="47" started-at="2019-08-02T12:43:53Z" finished-at="2019-08-02T12:43:53Z">
          <exception class="org.testng.SkipException">
            <message>
              <![CDATA[DELETE on LDPCv not supported]]>
            </message>
            <full-stacktrace>
              <![CDATA[org.testng.SkipException: DELETE on LDPCv not supported
	at org.fcrepo.spec.testsuite.versioning.LdpcvHttpOptions.ldpcvMaySupportDeleteOption(LdpcvHttpOptions.java:112)
	at sun.reflect.NativeMethodAccessorImpl.invoke0(Native Method)
	at sun.reflect.NativeMethodAccessorImpl.invoke(NativeMethodAccessorImpl.java:62)
	at sun.reflect.DelegatingMethodAccessorImpl.invoke(DelegatingMethodAccessorImpl.java:43)
	at java.lang.reflect.Method.invoke(Method.java:498)
	at org.testng.internal.MethodInvocationHelper.invokeMethod(MethodInvocationHelper.java:104)
	at org.testng.internal.Invoker.invokeMethod(Invoker.java:645)
	at org.testng.internal.Invoker.invokeTestMethod(Invoker.java:851)
	at org.testng.internal.Invoker.invokeTestMethods(Invoker.java:1177)
	at org.testng.internal.TestMethodWorker.invokeTestMethods(TestMethodWorker.java:129)
	at org.testng.internal.TestMethodWorker.run(TestMethodWorker.java:112)
	at org.testng.TestRunner.privateRun(TestRunner.java:756)
	at org.testng.TestRunner.run(TestRunner.java:610)
	at org.testng.SuiteRunner.runTest(SuiteRunner.java:387)
	at org.testng.SuiteRunner.runSequentially(SuiteRunner.java:382)
	at org.testng.SuiteRunner.privateRun(SuiteRunner.java:340)
	at org.testng.SuiteRunner.run(SuiteRunner.java:289)
	at org.testng.SuiteRunnerWorker.runSuite(SuiteRunnerWorker.java:52)
	at org.testng.SuiteRunnerWorker.run(SuiteRunnerWorker.java:86)
	at org.testng.TestNG.runSuitesSequentially(TestNG.java:1293)
	at org.testng.TestNG.runSuitesLocally(TestNG.java:1218)
	at org.testng.TestNG.runSuites(TestNG.java:1133)
	at org.testng.TestNG.run(TestNG.java:1104)
	at org.fcrepo.spec.testsuite.App.main(App.java:309)
]]>
            </full-stacktrace>
          </exception> <!-- org.testng.SkipException -->
          <reporter-output>
          </reporter-output>
        </test-method> <!-- ldpcvMaySupportDeleteOption -->
        <test-method status="PASS" signature="tearDown()[pri:0, instance:org.fcrepo.spec.testsuite.versioning.LdpcvHttpOptions@4650a407]" name="tearDown" is-config="true" duration-ms="0" started-at="2019-08-02T12:43:53Z" finished-at="2019-08-02T12:43:53Z">
          <reporter-output>
          </reporter-output>
        </test-method> <!-- tearDown -->
        <test-method status="SKIP" signature="ldpcvMaySupportPatch()[pri:0, instance:org.fcrepo.spec.testsuite.versioning.LdpcvHttpOptions@4650a407]" name="ldpcvMaySupportPatch" duration-ms="29" started-at="2019-08-02T12:43:53Z" finished-at="2019-08-02T12:43:53Z">
          <exception class="org.testng.SkipException">
            <message>
              <![CDATA[PATCH on LDPCv not supported]]>
            </message>
            <full-stacktrace>
              <![CDATA[org.testng.SkipException: PATCH on LDPCv not supported
	at org.fcrepo.spec.testsuite.versioning.LdpcvHttpOptions.ldpcvMaySupportPatch(LdpcvHttpOptions.java:149)
	at sun.reflect.NativeMethodAccessorImpl.invoke0(Native Method)
	at sun.reflect.NativeMethodAccessorImpl.invoke(NativeMethodAccessorImpl.java:62)
	at sun.reflect.DelegatingMethodAccessorImpl.invoke(DelegatingMethodAccessorImpl.java:43)
	at java.lang.reflect.Method.invoke(Method.java:498)
	at org.testng.internal.MethodInvocationHelper.invokeMethod(MethodInvocationHelper.java:104)
	at org.testng.internal.Invoker.invokeMethod(Invoker.java:645)
	at org.testng.internal.Invoker.invokeTestMethod(Invoker.java:851)
	at org.testng.internal.Invoker.invokeTestMethods(Invoker.java:1177)
	at org.testng.internal.TestMethodWorker.invokeTestMethods(TestMethodWorker.java:129)
	at org.testng.internal.TestMethodWorker.run(TestMethodWorker.java:112)
	at org.testng.TestRunner.privateRun(TestRunner.java:756)
	at org.testng.TestRunner.run(TestRunner.java:610)
	at org.testng.SuiteRunner.runTest(SuiteRunner.java:387)
	at org.testng.SuiteRunner.runSequentially(SuiteRunner.java:382)
	at org.testng.SuiteRunner.privateRun(SuiteRunner.java:340)
	at org.testng.SuiteRunner.run(SuiteRunner.java:289)
	at org.testng.SuiteRunnerWorker.runSuite(SuiteRunnerWorker.java:52)
	at org.testng.SuiteRunnerWorker.run(SuiteRunnerWorker.java:86)
	at org.testng.TestNG.runSuitesSequentially(TestNG.java:1293)
	at org.testng.TestNG.runSuitesLocally(TestNG.java:1218)
	at org.testng.TestNG.runSuites(TestNG.java:1133)
	at org.testng.TestNG.run(TestNG.java:1104)
	at org.fcrepo.spec.testsuite.App.main(App.java:309)
]]>
            </full-stacktrace>
          </exception> <!-- org.testng.SkipException -->
          <reporter-output>
          </reporter-output>
        </test-method> <!-- ldpcvMaySupportPatch -->
        <test-method status="PASS" signature="setup()[pri:0, instance:org.fcrepo.spec.testsuite.versioning.LdpcvHttpOptions@4650a407]" name="setup" is-config="true" duration-ms="0" started-at="2019-08-02T12:43:53Z" finished-at="2019-08-02T12:43:53Z">
          <reporter-output>
          </reporter-output>
        </test-method> <!-- setup -->
        <test-method status="PASS" signature="setup()[pri:0, instance:org.fcrepo.spec.testsuite.versioning.LdpcvHttpOptions@4650a407]" name="setup" is-config="true" duration-ms="1" started-at="2019-08-02T12:43:53Z" finished-at="2019-08-02T12:43:53Z">
          <reporter-output>
          </reporter-output>
        </test-method> <!-- setup -->
        <test-method status="PASS" signature="tearDown()[pri:0, instance:org.fcrepo.spec.testsuite.versioning.LdpcvHttpOptions@4650a407]" name="tearDown" is-config="true" duration-ms="0" started-at="2019-08-02T12:43:53Z" finished-at="2019-08-02T12:43:53Z">
          <reporter-output>
          </reporter-output>
        </test-method> <!-- tearDown -->
        <test-method status="FAIL" signature="ldpcvMaySupportPost()[pri:0, instance:org.fcrepo.spec.testsuite.versioning.LdpcvHttpOptions@4650a407]" name="ldpcvMaySupportPost" duration-ms="37" started-at="2019-08-02T12:43:53Z" finished-at="2019-08-02T12:43:53Z">
          <exception class="java.lang.AssertionError">
            <message>
              <![CDATA[Allow with a value of POST must be present but is not! expected [true] but found [false]]]>
            </message>
            <full-stacktrace>
              <![CDATA[java.lang.AssertionError: Allow with a value of POST must be present but is not! expected [true] but found [false]
	at org.testng.Assert.fail(Assert.java:94)
	at org.testng.Assert.failNotEquals(Assert.java:513)
	at org.testng.Assert.assertTrue(Assert.java:42)
	at org.fcrepo.spec.testsuite.versioning.AbstractVersioningTest.confirmPresenceOfHeaderValueInMultiValueHeader(AbstractVersioningTest.java:92)
	at org.fcrepo.spec.testsuite.versioning.LdpcvHttpOptions.ldpcvMaySupportPost(LdpcvHttpOptions.java:172)
	at sun.reflect.NativeMethodAccessorImpl.invoke0(Native Method)
	at sun.reflect.NativeMethodAccessorImpl.invoke(NativeMethodAccessorImpl.java:62)
	at sun.reflect.DelegatingMethodAccessorImpl.invoke(DelegatingMethodAccessorImpl.java:43)
	at java.lang.reflect.Method.invoke(Method.java:498)
	at org.testng.internal.MethodInvocationHelper.invokeMethod(MethodInvocationHelper.java:104)
	at org.testng.internal.Invoker.invokeMethod(Invoker.java:645)
	at org.testng.internal.Invoker.invokeTestMethod(Invoker.java:851)
	at org.testng.internal.Invoker.invokeTestMethods(Invoker.java:1177)
	at org.testng.internal.TestMethodWorker.invokeTestMethods(TestMethodWorker.java:129)
	at org.testng.internal.TestMethodWorker.run(TestMethodWorker.java:112)
	at org.testng.TestRunner.privateRun(TestRunner.java:756)
	at org.testng.TestRunner.run(TestRunner.java:610)
	at org.testng.SuiteRunner.runTest(SuiteRunner.java:387)
	at org.testng.SuiteRunner.runSequentially(SuiteRunner.java:382)
	at org.testng.SuiteRunner.privateRun(SuiteRunner.java:340)
	at org.testng.SuiteRunner.run(SuiteRunner.java:289)
	at org.testng.SuiteRunnerWorker.runSuite(SuiteRunnerWorker.java:52)
	at org.testng.SuiteRunnerWorker.run(SuiteRunnerWorker.java:86)
	at org.testng.TestNG.runSuitesSequentially(TestNG.java:1293)
	at org.testng.TestNG.runSuitesLocally(TestNG.java:1218)
	at org.testng.TestNG.runSuites(TestNG.java:1133)
	at org.testng.TestNG.run(TestNG.java:1104)
	at org.fcrepo.spec.testsuite.App.main(App.java:309)
]]>
            </full-stacktrace>
          </exception> <!-- java.lang.AssertionError -->
          <reporter-output>
          </reporter-output>
        </test-method> <!-- ldpcvMaySupportPost -->
        <test-method status="PASS" signature="setup()[pri:0, instance:org.fcrepo.spec.testsuite.versioning.LdpcvHttpOptions@4650a407]" name="setup" is-config="true" duration-ms="0" started-at="2019-08-02T12:43:53Z" finished-at="2019-08-02T12:43:53Z">
          <reporter-output>
          </reporter-output>
        </test-method> <!-- setup -->
        <test-method status="PASS" signature="tearDown()[pri:0, instance:org.fcrepo.spec.testsuite.versioning.LdpcvHttpOptions@4650a407]" name="tearDown" is-config="true" duration-ms="0" started-at="2019-08-02T12:43:53Z" finished-at="2019-08-02T12:43:53Z">
          <reporter-output>
          </reporter-output>
        </test-method> <!-- tearDown -->
        <test-method status="PASS" signature="ldpcvMustReturnAcceptPatchHeaderIfPatchIsSupported()[pri:0, instance:org.fcrepo.spec.testsuite.versioning.LdpcvHttpOptions@4650a407]" name="ldpcvMustReturnAcceptPatchHeaderIfPatchIsSupported" duration-ms="44" started-at="2019-08-02T12:43:53Z" finished-at="2019-08-02T12:43:53Z">
          <reporter-output>
          </reporter-output>
        </test-method> <!-- ldpcvMustReturnAcceptPatchHeaderIfPatchIsSupported -->
        <test-method status="PASS" signature="setup()[pri:0, instance:org.fcrepo.spec.testsuite.versioning.LdpcvHttpOptions@4650a407]" name="setup" is-config="true" duration-ms="0" started-at="2019-08-02T12:43:53Z" finished-at="2019-08-02T12:43:53Z">
          <reporter-output>
          </reporter-output>
        </test-method> <!-- setup -->
        <test-method status="PASS" signature="tearDown()[pri:0, instance:org.fcrepo.spec.testsuite.versioning.LdpcvHttpOptions@4650a407]" name="tearDown" is-config="true" duration-ms="0" started-at="2019-08-02T12:43:53Z" finished-at="2019-08-02T12:43:53Z">
          <reporter-output>
          </reporter-output>
        </test-method> <!-- tearDown -->
        <test-method status="PASS" signature="ldpcvMustReturnAcceptPostHeaderIfPostIsSupported()[pri:0, instance:org.fcrepo.spec.testsuite.versioning.LdpcvHttpOptions@4650a407]" name="ldpcvMustReturnAcceptPostHeaderIfPostIsSupported" duration-ms="46" started-at="2019-08-02T12:43:53Z" finished-at="2019-08-02T12:43:53Z">
          <reporter-output>
          </reporter-output>
        </test-method> <!-- ldpcvMustReturnAcceptPostHeaderIfPostIsSupported -->
        <test-method status="PASS" signature="tearDown()[pri:0, instance:org.fcrepo.spec.testsuite.versioning.LdpcvHttpOptions@4650a407]" name="tearDown" is-config="true" duration-ms="0" started-at="2019-08-02T12:43:53Z" finished-at="2019-08-02T12:43:53Z">
          <reporter-output>
          </reporter-output>
        </test-method> <!-- tearDown -->
        <test-method status="PASS" signature="ldpcvMustSupportOptions()[pri:0, instance:org.fcrepo.spec.testsuite.versioning.LdpcvHttpOptions@4650a407]" name="ldpcvMustSupportOptions" duration-ms="38" started-at="2019-08-02T12:43:53Z" finished-at="2019-08-02T12:43:53Z">
          <reporter-output>
          </reporter-output>
        </test-method> <!-- ldpcvMustSupportOptions -->
        <test-method status="PASS" signature="setup()[pri:0, instance:org.fcrepo.spec.testsuite.versioning.LdpcvHttpOptions@4650a407]" name="setup" is-config="true" duration-ms="0" started-at="2019-08-02T12:43:53Z" finished-at="2019-08-02T12:43:53Z">
          <reporter-output>
          </reporter-output>
        </test-method> <!-- setup -->
        <test-method status="PASS" signature="tearDown()[pri:0, instance:org.fcrepo.spec.testsuite.versioning.LdpcvHttpOptions@4650a407]" name="tearDown" is-config="true" duration-ms="1" started-at="2019-08-02T12:43:53Z" finished-at="2019-08-02T12:43:53Z">
          <reporter-output>
          </reporter-output>
        </test-method> <!-- tearDown -->
        <test-method status="PASS" signature="ldpcvOptionsMustAllowHeadGetOptions()[pri:0, instance:org.fcrepo.spec.testsuite.versioning.LdpcvHttpOptions@4650a407]" name="ldpcvOptionsMustAllowHeadGetOptions" duration-ms="35" started-at="2019-08-02T12:43:53Z" finished-at="2019-08-02T12:43:53Z">
          <reporter-output>
          </reporter-output>
        </test-method> <!-- ldpcvOptionsMustAllowHeadGetOptions -->
        <test-method status="PASS" signature="setup()[pri:0, instance:org.fcrepo.spec.testsuite.versioning.LdpcvHttpOptions@4650a407]" name="setup" is-config="true" duration-ms="0" started-at="2019-08-02T12:43:53Z" finished-at="2019-08-02T12:43:53Z">
          <reporter-output>
          </reporter-output>
        </test-method> <!-- setup -->
        <test-method status="PASS" signature="tearDown()[pri:0, instance:org.fcrepo.spec.testsuite.versioning.LdpcvHttpOptions@4650a407]" name="tearDown" is-config="true" duration-ms="0" started-at="2019-08-02T12:43:53Z" finished-at="2019-08-02T12:43:53Z">
          <reporter-output>
          </reporter-output>
        </test-method> <!-- tearDown -->
      </class> <!-- org.fcrepo.spec.testsuite.versioning.LdpcvHttpOptions -->
      <class name="org.fcrepo.spec.testsuite.versioning.LdpcvHttpDelete">
        <test-method status="PASS" signature="setup()[pri:0, instance:org.fcrepo.spec.testsuite.versioning.LdpcvHttpDelete@5f84abe8]" name="setup" is-config="true" duration-ms="0" started-at="2019-08-02T12:43:53Z" finished-at="2019-08-02T12:43:53Z">
          <reporter-output>
          </reporter-output>
        </test-method> <!-- setup -->
        <test-method status="SKIP" signature="ldpcvMaySupportDelete()[pri:0, instance:org.fcrepo.spec.testsuite.versioning.LdpcvHttpDelete@5f84abe8]" name="ldpcvMaySupportDelete" duration-ms="36" started-at="2019-08-02T12:43:53Z" finished-at="2019-08-02T12:43:53Z">
          <exception class="org.testng.SkipException">
            <message>
              <![CDATA[DELETE not supported on LDPCv]]>
            </message>
            <full-stacktrace>
              <![CDATA[org.testng.SkipException: DELETE not supported on LDPCv
	at org.fcrepo.spec.testsuite.versioning.LdpcvHttpDelete.ldpcvMaySupportDelete(LdpcvHttpDelete.java:55)
	at sun.reflect.NativeMethodAccessorImpl.invoke0(Native Method)
	at sun.reflect.NativeMethodAccessorImpl.invoke(NativeMethodAccessorImpl.java:62)
	at sun.reflect.DelegatingMethodAccessorImpl.invoke(DelegatingMethodAccessorImpl.java:43)
	at java.lang.reflect.Method.invoke(Method.java:498)
	at org.testng.internal.MethodInvocationHelper.invokeMethod(MethodInvocationHelper.java:104)
	at org.testng.internal.Invoker.invokeMethod(Invoker.java:645)
	at org.testng.internal.Invoker.invokeTestMethod(Invoker.java:851)
	at org.testng.internal.Invoker.invokeTestMethods(Invoker.java:1177)
	at org.testng.internal.TestMethodWorker.invokeTestMethods(TestMethodWorker.java:129)
	at org.testng.internal.TestMethodWorker.run(TestMethodWorker.java:112)
	at org.testng.TestRunner.privateRun(TestRunner.java:756)
	at org.testng.TestRunner.run(TestRunner.java:610)
	at org.testng.SuiteRunner.runTest(SuiteRunner.java:387)
	at org.testng.SuiteRunner.runSequentially(SuiteRunner.java:382)
	at org.testng.SuiteRunner.privateRun(SuiteRunner.java:340)
	at org.testng.SuiteRunner.run(SuiteRunner.java:289)
	at org.testng.SuiteRunnerWorker.runSuite(SuiteRunnerWorker.java:52)
	at org.testng.SuiteRunnerWorker.run(SuiteRunnerWorker.java:86)
	at org.testng.TestNG.runSuitesSequentially(TestNG.java:1293)
	at org.testng.TestNG.runSuitesLocally(TestNG.java:1218)
	at org.testng.TestNG.runSuites(TestNG.java:1133)
	at org.testng.TestNG.run(TestNG.java:1104)
	at org.fcrepo.spec.testsuite.App.main(App.java:309)
]]>
            </full-stacktrace>
          </exception> <!-- org.testng.SkipException -->
          <reporter-output>
          </reporter-output>
        </test-method> <!-- ldpcvMaySupportDelete -->
        <test-method status="PASS" signature="tearDown()[pri:0, instance:org.fcrepo.spec.testsuite.versioning.LdpcvHttpDelete@5f84abe8]" name="tearDown" is-config="true" duration-ms="1" started-at="2019-08-02T12:43:53Z" finished-at="2019-08-02T12:43:53Z">
          <reporter-output>
          </reporter-output>
        </test-method> <!-- tearDown -->
        <test-method status="PASS" signature="setup()[pri:0, instance:org.fcrepo.spec.testsuite.versioning.LdpcvHttpDelete@5f84abe8]" name="setup" is-config="true" duration-ms="0" started-at="2019-08-02T12:43:53Z" finished-at="2019-08-02T12:43:53Z">
          <reporter-output>
          </reporter-output>
        </test-method> <!-- setup -->
        <test-method status="PASS" signature="ldpcvThatAdvertisesDeleteShouldRemoveContainerAndMementos()[pri:0, instance:org.fcrepo.spec.testsuite.versioning.LdpcvHttpDelete@5f84abe8]" name="ldpcvThatAdvertisesDeleteShouldRemoveContainerAndMementos" duration-ms="32" started-at="2019-08-02T12:43:53Z" finished-at="2019-08-02T12:43:53Z">
          <reporter-output>
          </reporter-output>
        </test-method> <!-- ldpcvThatAdvertisesDeleteShouldRemoveContainerAndMementos -->
        <test-method status="PASS" signature="tearDown()[pri:0, instance:org.fcrepo.spec.testsuite.versioning.LdpcvHttpDelete@5f84abe8]" name="tearDown" is-config="true" duration-ms="0" started-at="2019-08-02T12:43:53Z" finished-at="2019-08-02T12:43:53Z">
          <reporter-output>
          </reporter-output>
        </test-method> <!-- tearDown -->
      </class> <!-- org.fcrepo.spec.testsuite.versioning.LdpcvHttpDelete -->
      <class name="org.fcrepo.spec.testsuite.crud.HttpGet">
        <test-method status="FAIL" signature="additionalValuesForPreferHeader()[pri:0, instance:org.fcrepo.spec.testsuite.crud.HttpGet@2abc224d]" name="additionalValuesForPreferHeader" duration-ms="34" started-at="2019-08-02T12:43:49Z" finished-at="2019-08-02T12:43:49Z">
          <exception class="java.lang.AssertionError">
            <message>
              <![CDATA[1 expectation failed.
Expected status code <201> but was <409>.
]]>
            </message>
            <full-stacktrace>
              <![CDATA[java.lang.AssertionError: 1 expectation failed.
Expected status code <201> but was <409>.

	at sun.reflect.NativeConstructorAccessorImpl.newInstance0(Native Method)
	at sun.reflect.NativeConstructorAccessorImpl.newInstance(NativeConstructorAccessorImpl.java:62)
	at sun.reflect.DelegatingConstructorAccessorImpl.newInstance(DelegatingConstructorAccessorImpl.java:45)
	at java.lang.reflect.Constructor.newInstance(Constructor.java:423)
	at org.codehaus.groovy.reflection.CachedConstructor.invoke(CachedConstructor.java:83)
	at org.codehaus.groovy.reflection.CachedConstructor.doConstructorInvoke(CachedConstructor.java:77)
	at org.codehaus.groovy.runtime.callsite.ConstructorSite$ConstructorSiteNoUnwrap.callConstructor(ConstructorSite.java:84)
	at org.codehaus.groovy.runtime.callsite.AbstractCallSite.callConstructor(AbstractCallSite.java:247)
	at io.restassured.internal.ResponseSpecificationImpl$HamcrestAssertionClosure.validate(ResponseSpecificationImpl.groovy:483)
	at io.restassured.internal.ResponseSpecificationImpl$HamcrestAssertionClosure$validate$1.call(Unknown Source)
	at io.restassured.internal.ResponseSpecificationImpl.validateResponseIfRequired(ResponseSpecificationImpl.groovy:655)
	at sun.reflect.GeneratedMethodAccessor148.invoke(Unknown Source)
	at sun.reflect.DelegatingMethodAccessorImpl.invoke(DelegatingMethodAccessorImpl.java:43)
[...]
	at java.lang.reflect.Constructor.newInstance(Constructor.java:423)
	at org.codehaus.groovy.reflection.CachedConstructor.invoke(CachedConstructor.java:83)
	at org.codehaus.groovy.reflection.CachedConstructor.doConstructorInvoke(CachedConstructor.java:77)
	at org.codehaus.groovy.runtime.callsite.ConstructorSite$ConstructorSiteNoUnwrap.callConstructor(ConstructorSite.java:84)
	at org.codehaus.groovy.runtime.callsite.AbstractCallSite.callConstructor(AbstractCallSite.java:247)
	at io.restassured.internal.ResponseSpecificationImpl$HamcrestAssertionClosure.validate(ResponseSpecificationImpl.groovy:483)
	at io.restassured.internal.ResponseSpecificationImpl$HamcrestAssertionClosure$validate$1.call(Unknown Source)
	at io.restassured.internal.ResponseSpecificationImpl.validateResponseIfRequired(ResponseSpecificationImpl.groovy:655)
	at sun.reflect.GeneratedMethodAccessor148.invoke(Unknown Source)
	at sun.reflect.DelegatingMethodAccessorImpl.invoke(DelegatingMethodAccessorImpl.java:43)
	at java.lang.reflect.Method.invoke(Method.java:498)
	at org.codehaus.groovy.runtime.callsite.PogoMetaMethodSite$PogoCachedMethodSiteNoUnwrapNoCoerce.invoke(PogoMetaMethodSite.java:210)
	at org.codehaus.groovy.runtime.callsite.PogoMetaMethodSite.callCurrent(PogoMetaMethodSite.java:59)
	at org.codehaus.groovy.runtime.callsite.AbstractCallSite.callCurrent(AbstractCallSite.java:166)
	at io.restassured.internal.ResponseSpecificationImpl.statusCode(ResponseSpecificationImpl.groovy:123)
	at io.restassured.specification.ResponseSpecification$statusCode$0.callCurrent(Unknown Source)
	at io.restassured.internal.ResponseSpecificationImpl.statusCode(ResponseSpecificationImpl.groovy:131)
	at io.restassured.internal.ValidatableResponseOptionsImpl.statusCode(ValidatableResponseOptionsImpl.java:119)
	at org.fcrepo.spec.testsuite.AbstractTest.doPost(AbstractTest.java:270)
	at org.fcrepo.spec.testsuite.AbstractTest.doPost(AbstractTest.java:283)
	at org.fcrepo.spec.testsuite.versioning.LdpcvHttpPost.postToldpcvOfLdpnrWithoutMementoDatetimeMustIgnoreBody(LdpcvHttpPost.java:198)
	at sun.reflect.NativeMethodAccessorImpl.invoke0(Native Method)
	at sun.reflect.NativeMethodAccessorImpl.invoke(NativeMethodAccessorImpl.java:62)
	at sun.reflect.DelegatingMethodAccessorImpl.invoke(DelegatingMethodAccessorImpl.java:43)
	at java.lang.reflect.Method.invoke(Method.java:498)
	at org.testng.internal.MethodInvocationHelper.invokeMethod(MethodInvocationHelper.java:104)
	at org.testng.internal.Invoker.invokeMethod(Invoker.java:645)
	at org.testng.internal.Invoker.invokeTestMethod(Invoker.java:851)
	at org.testng.internal.Invoker.invokeTestMethods(Invoker.java:1177)
	at org.testng.internal.TestMethodWorker.invokeTestMethods(TestMethodWorker.java:129)
	at org.testng.internal.TestMethodWorker.run(TestMethodWorker.java:112)
	at org.testng.TestRunner.privateRun(TestRunner.java:756)
	at org.testng.TestRunner.run(TestRunner.java:610)
	at org.testng.SuiteRunner.runTest(SuiteRunner.java:387)
	at org.testng.SuiteRunner.runSequentially(SuiteRunner.java:382)
	at org.testng.SuiteRunner.privateRun(SuiteRunner.java:340)
	at org.testng.SuiteRunner.run(SuiteRunner.java:289)
	at org.testng.SuiteRunnerWorker.runSuite(SuiteRunnerWorker.java:52)
	at org.testng.SuiteRunnerWorker.run(SuiteRunnerWorker.java:86)
	at org.testng.TestNG.runSuitesSequentially(TestNG.java:1293)
	at org.testng.TestNG.runSuitesLocally(TestNG.java:1218)
	at org.testng.TestNG.runSuites(TestNG.java:1133)
	at org.testng.TestNG.run(TestNG.java:1104)
	at org.fcrepo.spec.testsuite.App.main(App.java:309)
]]>
            </full-stacktrace>
          </exception> <!-- java.lang.AssertionError -->
          <reporter-output>
          </reporter-output>
        </test-method> <!-- postToldpcvOfLdpnrWithoutMementoDatetimeMustIgnoreBody -->
        <test-method status="PASS" signature="tearDown()[pri:0, instance:org.fcrepo.spec.testsuite.versioning.LdpcvHttpPost@29be7749]" name="tearDown" is-config="true" duration-ms="0" started-at="2019-08-02T12:43:53Z" finished-at="2019-08-02T12:43:53Z">
          <reporter-output>
          </reporter-output>
        </test-method> <!-- tearDown -->
        <test-method status="PASS" signature="setup()[pri:0, instance:org.fcrepo.spec.testsuite.versioning.LdpcvHttpPost@29be7749]" name="setup" is-config="true" duration-ms="0" started-at="2019-08-02T12:43:53Z" finished-at="2019-08-02T12:43:53Z">
          <reporter-output>
          </reporter-output>
        </test-method> <!-- setup -->
        <test-method status="PASS" signature="postToldpcvOfLdprWithMementoDatetimeShouldCreateNewResource()[pri:0, instance:org.fcrepo.spec.testsuite.versioning.LdpcvHttpPost@29be7749]" name="postToldpcvOfLdprWithMementoDatetimeShouldCreateNewResource" duration-ms="35" started-at="2019-08-02T12:43:53Z" finished-at="2019-08-02T12:43:53Z">
          <reporter-output>
          </reporter-output>
        </test-method> <!-- postToldpcvOfLdprWithMementoDatetimeShouldCreateNewResource -->
        <test-method status="PASS" signature="tearDown()[pri:0, instance:org.fcrepo.spec.testsuite.versioning.LdpcvHttpPost@29be7749]" name="tearDown" is-config="true" duration-ms="0" started-at="2019-08-02T12:43:53Z" finished-at="2019-08-02T12:43:53Z">
          <reporter-output>
          </reporter-output>
        </test-method> <!-- tearDown -->
        <test-method status="FAIL" signature="postToldpcvOfLdprsWithoutMementoDatetimeMustIgnoreBody()[pri:0, instance:org.fcrepo.spec.testsuite.versioning.LdpcvHttpPost@29be7749]" name="postToldpcvOfLdprsWithoutMementoDatetimeMustIgnoreBody" duration-ms="33" started-at="2019-08-02T12:43:53Z" finished-at="2019-08-02T12:43:53Z">
          <exception class="java.lang.AssertionError">
            <message>
              <![CDATA[1 expectation failed.
Expected status code <201> but was <405>.
]]>
            </message>
            <full-stacktrace>
              <![CDATA[java.lang.AssertionError: 1 expectation failed.
Expected status code <201> but was <405>.

	at sun.reflect.GeneratedConstructorAccessor69.newInstance(Unknown Source)
	at sun.reflect.DelegatingConstructorAccessorImpl.newInstance(DelegatingConstructorAccessorImpl.java:45)
	at java.lang.reflect.Constructor.newInstance(Constructor.java:423)
	at org.codehaus.groovy.reflection.CachedConstructor.invoke(CachedConstructor.java:83)
	at org.codehaus.groovy.reflection.CachedConstructor.doConstructorInvoke(CachedConstructor.java:77)
	at org.codehaus.groovy.runtime.callsite.ConstructorSite$ConstructorSiteNoUnwrap.callConstructor(ConstructorSite.java:84)
	at org.codehaus.groovy.runtime.callsite.AbstractCallSite.callConstructor(AbstractCallSite.java:247)
	at io.restassured.internal.ResponseSpecificationImpl$HamcrestAssertionClosure.validate(ResponseSpecificationImpl.groovy:483)
	at io.restassured.internal.ResponseSpecificationImpl$HamcrestAssertionClosure$validate$1.call(Unknown Source)
	at io.restassured.internal.ResponseSpecificationImpl.validateResponseIfRequired(ResponseSpecificationImpl.groovy:655)
	at sun.reflect.GeneratedMethodAccessor148.invoke(Unknown Source)
	at sun.reflect.DelegatingMethodAccessorImpl.invoke(DelegatingMethodAccessorImpl.java:43)
	at java.lang.reflect.Method.invoke(Method.java:498)
	at org.codehaus.groovy.runtime.callsite.PogoMetaMethodSite$PogoCachedMethodSiteNoUnwrapNoCoerce.invoke(PogoMetaMethodSite.java:210)
	at org.codehaus.groovy.runtime.callsite.PogoMetaMethodSite.callCurrent(PogoMetaMethodSite.java:59)
	at org.codehaus.groovy.runtime.callsite.AbstractCallSite.callCurrent(AbstractCallSite.java:166)
	at io.restassured.internal.ResponseSpecificationImpl.statusCode(ResponseSpecificationImpl.groovy:123)
	at io.restassured.specification.ResponseSpecification$statusCode$0.callCurrent(Unknown Source)
	at io.restassured.internal.ResponseSpecificationImpl.statusCode(ResponseSpecificationImpl.groovy:131)
	at io.restassured.internal.ValidatableResponseOptionsImpl.statusCode(ValidatableResponseOptionsImpl.java:119)
	at org.fcrepo.spec.testsuite.AbstractTest.doPost(AbstractTest.java:270)
	at org.fcrepo.spec.testsuite.AbstractTest.doPost(AbstractTest.java:283)
	at org.fcrepo.spec.testsuite.versioning.LdpcvHttpPost.postToldpcvOfLdprsWithoutMementoDatetimeMustIgnoreBody(LdpcvHttpPost.java:164)
	at sun.reflect.NativeMethodAccessorImpl.invoke0(Native Method)
	at sun.reflect.NativeMethodAccessorImpl.invoke(NativeMethodAccessorImpl.java:62)
	at sun.reflect.DelegatingMethodAccessorImpl.invoke(DelegatingMethodAccessorImpl.java:43)
	at java.lang.reflect.Method.invoke(Method.java:498)
	at org.testng.internal.MethodInvocationHelper.invokeMethod(MethodInvocationHelper.java:104)
	at org.testng.internal.Invoker.invokeMethod(Invoker.java:645)
	at org.testng.internal.Invoker.invokeTestMethod(Invoker.java:851)
	at org.testng.internal.Invoker.invokeTestMethods(Invoker.java:1177)
	at org.testng.internal.TestMethodWorker.invokeTestMethods(TestMethodWorker.java:129)
	at org.testng.internal.TestMethodWorker.run(TestMethodWorker.java:112)
	at org.testng.TestRunner.privateRun(TestRunner.java:756)
	at org.testng.TestRunner.run(TestRunner.java:610)
	at org.testng.SuiteRunner.runTest(SuiteRunner.java:387)
	at org.testng.SuiteRunner.runSequentially(SuiteRunner.java:382)
	at org.testng.SuiteRunner.privateRun(SuiteRunner.java:340)
	at org.testng.SuiteRunner.run(SuiteRunner.java:289)
	at org.testng.SuiteRunnerWorker.runSuite(SuiteRunnerWorker.java:52)
	at org.testng.SuiteRunnerWorker.run(SuiteRunnerWorker.java:86)
	at org.testng.TestNG.runSuitesSequentially(TestNG.java:1293)
	at org.testng.TestNG.runSuitesLocally(TestNG.java:1218)
	at org.testng.TestNG.runSuites(TestNG.java:1133)
	at org.testng.TestNG.run(TestNG.java:1104)
	at org.fcrepo.spec.testsuite.App.main(App.java:309)
]]>
            </full-stacktrace>
          </exception> <!-- java.lang.AssertionError -->
          <reporter-output>
          </reporter-output>
        </test-method> <!-- postToldpcvOfLdprsWithoutMementoDatetimeMustIgnoreBody -->
        <test-method status="PASS" signature="setup()[pri:0, instance:org.fcrepo.spec.testsuite.versioning.LdpcvHttpPost@29be7749]" name="setup" is-config="true" duration-ms="0" started-at="2019-08-02T12:43:53Z" finished-at="2019-08-02T12:43:53Z">
          <reporter-output>
          </reporter-output>
        </test-method> <!-- setup -->
        <test-method status="PASS" signature="tearDown()[pri:0, instance:org.fcrepo.spec.testsuite.versioning.LdpcvHttpPost@29be7749]" name="tearDown" is-config="true" duration-ms="1" started-at="2019-08-02T12:43:53Z" finished-at="2019-08-02T12:43:53Z">
          <reporter-output>
          </reporter-output>
        </test-method> <!-- tearDown -->
      </class> <!-- org.fcrepo.spec.testsuite.versioning.LdpcvHttpPost -->
      <class name="org.fcrepo.spec.testsuite.versioning.LdprmHttpOptions">
        <test-method status="PASS" signature="ldprmMustNotSupportPatch()[pri:0, instance:org.fcrepo.spec.testsuite.versioning.LdprmHttpOptions@2687f956]" name="ldprmMustNotSupportPatch" duration-ms="60" started-at="2019-08-02T12:43:52Z" finished-at="2019-08-02T12:43:52Z">
          <reporter-output>
          </reporter-output>
        </test-method> <!-- ldprmMustNotSupportPatch -->
        <test-method status="PASS" signature="setup()[pri:0, instance:org.fcrepo.spec.testsuite.versioning.LdprmHttpOptions@2687f956]" name="setup" is-config="true" duration-ms="0" started-at="2019-08-02T12:43:52Z" finished-at="2019-08-02T12:43:52Z">
          <reporter-output>
          </reporter-output>
        </test-method> <!-- setup -->
        <test-method status="PASS" signature="tearDown()[pri:0, instance:org.fcrepo.spec.testsuite.versioning.LdprmHttpOptions@2687f956]" name="tearDown" is-config="true" duration-ms="0" started-at="2019-08-02T12:43:52Z" finished-at="2019-08-02T12:43:52Z">
          <reporter-output>
          </reporter-output>
        </test-method> <!-- tearDown -->
        <test-method status="PASS" signature="setup()[pri:0, instance:org.fcrepo.spec.testsuite.versioning.LdprmHttpOptions@2687f956]" name="setup" is-config="true" duration-ms="1" started-at="2019-08-02T12:43:52Z" finished-at="2019-08-02T12:43:52Z">
          <reporter-output>
          </reporter-output>
        </test-method> <!-- setup -->
        <test-method status="PASS" signature="ldprmMustNotSupportPost()[pri:0, instance:org.fcrepo.spec.testsuite.versioning.LdprmHttpOptions@2687f956]" name="ldprmMustNotSupportPost" duration-ms="60" started-at="2019-08-02T12:43:52Z" finished-at="2019-08-02T12:43:52Z">
          <reporter-output>
          </reporter-output>
        </test-method> <!-- ldprmMustNotSupportPost -->
        <test-method status="PASS" signature="tearDown()[pri:0, instance:org.fcrepo.spec.testsuite.versioning.LdprmHttpOptions@2687f956]" name="tearDown" is-config="true" duration-ms="0" started-at="2019-08-02T12:43:52Z" finished-at="2019-08-02T12:43:52Z">
          <reporter-output>
          </reporter-output>
        </test-method> <!-- tearDown -->
        <test-method status="PASS" signature="setup()[pri:0, instance:org.fcrepo.spec.testsuite.versioning.LdprmHttpOptions@2687f956]" name="setup" is-config="true" duration-ms="1" started-at="2019-08-02T12:43:52Z" finished-at="2019-08-02T12:43:52Z">
          <reporter-output>
          </reporter-output>
        </test-method> <!-- setup -->
        <test-method status="PASS" signature="ldprmMustNotSupportPut()[pri:0, instance:org.fcrepo.spec.testsuite.versioning.LdprmHttpOptions@2687f956]" name="ldprmMustNotSupportPut" duration-ms="64" started-at="2019-08-02T12:43:52Z" finished-at="2019-08-02T12:43:52Z">
          <reporter-output>
          </reporter-output>
        </test-method> <!-- ldprmMustNotSupportPut -->
        <test-method status="PASS" signature="tearDown()[pri:0, instance:org.fcrepo.spec.testsuite.versioning.LdprmHttpOptions@2687f956]" name="tearDown" is-config="true" duration-ms="0" started-at="2019-08-02T12:43:52Z" finished-at="2019-08-02T12:43:52Z">
          <reporter-output>
          </reporter-output>
        </test-method> <!-- tearDown -->
        <test-method status="PASS" signature="setup()[pri:0, instance:org.fcrepo.spec.testsuite.versioning.LdprmHttpOptions@2687f956]" name="setup" is-config="true" duration-ms="0" started-at="2019-08-02T12:43:52Z" finished-at="2019-08-02T12:43:52Z">
          <reporter-output>
          </reporter-output>
        </test-method> <!-- setup -->
        <test-method status="PASS" signature="ldprmMustSupportOptions()[pri:0, instance:org.fcrepo.spec.testsuite.versioning.LdprmHttpOptions@2687f956]" name="ldprmMustSupportOptions" duration-ms="56" started-at="2019-08-02T12:43:52Z" finished-at="2019-08-02T12:43:52Z">
          <reporter-output>
          </reporter-output>
        </test-method> <!-- ldprmMustSupportOptions -->
        <test-method status="PASS" signature="tearDown()[pri:0, instance:org.fcrepo.spec.testsuite.versioning.LdprmHttpOptions@2687f956]" name="tearDown" is-config="true" duration-ms="1" started-at="2019-08-02T12:43:52Z" finished-at="2019-08-02T12:43:52Z">
          <reporter-output>
          </reporter-output>
        </test-method> <!-- tearDown -->
        <test-method status="PASS" signature="setup()[pri:0, instance:org.fcrepo.spec.testsuite.versioning.LdprmHttpOptions@2687f956]" name="setup" is-config="true" duration-ms="0" started-at="2019-08-02T12:43:52Z" finished-at="2019-08-02T12:43:52Z">
          <reporter-output>
          </reporter-output>
        </test-method> <!-- setup -->
        <test-method status="FAIL" signature="ldprmOptionsMaySupportDelete()[pri:0, instance:org.fcrepo.spec.testsuite.versioning.LdprmHttpOptions@2687f956]" name="ldprmOptionsMaySupportDelete" duration-ms="62" started-at="2019-08-02T12:43:52Z" finished-at="2019-08-02T12:43:52Z">
          <exception class="java.lang.AssertionError">
            <message>
              <![CDATA[Allow with a value of DELETE must be present but is not! expected [true] but found [false]]]>
            </message>
            <full-stacktrace>
              <![CDATA[java.lang.AssertionError: Allow with a value of DELETE must be present but is not! expected [true] but found [false]
	at org.testng.Assert.fail(Assert.java:94)
	at org.testng.Assert.failNotEquals(Assert.java:513)
	at org.testng.Assert.assertTrue(Assert.java:42)
	at org.fcrepo.spec.testsuite.versioning.AbstractVersioningTest.confirmPresenceOfHeaderValueInMultiValueHeader(AbstractVersioningTest.java:92)
	at org.fcrepo.spec.testsuite.versioning.LdprmHttpOptions.ldprmOptionsMaySupportDelete(LdprmHttpOptions.java:89)
	at sun.reflect.NativeMethodAccessorImpl.invoke0(Native Method)
	at sun.reflect.NativeMethodAccessorImpl.invoke(NativeMethodAccessorImpl.java:62)
	at sun.reflect.DelegatingMethodAccessorImpl.invoke(DelegatingMethodAccessorImpl.java:43)
	at java.lang.reflect.Method.invoke(Method.java:498)
	at org.testng.internal.MethodInvocationHelper.invokeMethod(MethodInvocationHelper.java:104)
	at org.testng.internal.Invoker.invokeMethod(Invoker.java:645)
	at org.testng.internal.Invoker.invokeTestMethod(Invoker.java:851)
	at org.testng.internal.Invoker.invokeTestMethods(Invoker.java:1177)
	at org.testng.internal.TestMethodWorker.invokeTestMethods(TestMethodWorker.java:129)
	at org.testng.internal.TestMethodWorker.run(TestMethodWorker.java:112)
	at org.testng.TestRunner.privateRun(TestRunner.java:756)
	at org.testng.TestRunner.run(TestRunner.java:610)
	at org.testng.SuiteRunner.runTest(SuiteRunner.java:387)
	at org.testng.SuiteRunner.runSequentially(SuiteRunner.java:382)
	at org.testng.SuiteRunner.privateRun(SuiteRunner.java:340)
	at org.testng.SuiteRunner.run(SuiteRunner.java:289)
	at org.testng.SuiteRunnerWorker.runSuite(SuiteRunnerWorker.java:52)
	at org.testng.SuiteRunnerWorker.run(SuiteRunnerWorker.java:86)
	at org.testng.TestNG.runSuitesSequentially(TestNG.java:1293)
	at org.testng.TestNG.runSuitesLocally(TestNG.java:1218)
	at org.testng.TestNG.runSuites(TestNG.java:1133)
	at org.testng.TestNG.run(TestNG.java:1104)
	at org.fcrepo.spec.testsuite.App.main(App.java:309)
]]>
            </full-stacktrace>
          </exception> <!-- java.lang.AssertionError -->
          <reporter-output>
          </reporter-output>
        </test-method> <!-- ldprmOptionsMaySupportDelete -->
        <test-method status="PASS" signature="ldprmOptionsMustSupportGetHeadAndOptions()[pri:0, instance:org.fcrepo.spec.testsuite.versioning.LdprmHttpOptions@2687f956]" name="ldprmOptionsMustSupportGetHeadAndOptions" duration-ms="57" started-at="2019-08-02T12:43:52Z" finished-at="2019-08-02T12:43:52Z">
          <reporter-output>
          </reporter-output>
        </test-method> <!-- ldprmOptionsMustSupportGetHeadAndOptions -->
        <test-method status="PASS" signature="tearDown()[pri:0, instance:org.fcrepo.spec.testsuite.versioning.LdprmHttpOptions@2687f956]" name="tearDown" is-config="true" duration-ms="0" started-at="2019-08-02T12:43:52Z" finished-at="2019-08-02T12:43:52Z">
          <reporter-output>
          </reporter-output>
        </test-method> <!-- tearDown -->
        <test-method status="PASS" signature="setup()[pri:0, instance:org.fcrepo.spec.testsuite.versioning.LdprmHttpOptions@2687f956]" name="setup" is-config="true" duration-ms="0" started-at="2019-08-02T12:43:52Z" finished-at="2019-08-02T12:43:52Z">
          <reporter-output>
          </reporter-output>
        </test-method> <!-- setup -->
        <test-method status="PASS" signature="tearDown()[pri:0, instance:org.fcrepo.spec.testsuite.versioning.LdprmHttpOptions@2687f956]" name="tearDown" is-config="true" duration-ms="0" started-at="2019-08-02T12:43:52Z" finished-at="2019-08-02T12:43:52Z">
          <reporter-output>
          </reporter-output>
        </test-method> <!-- tearDown -->
      </class> <!-- org.fcrepo.spec.testsuite.versioning.LdprmHttpOptions -->
    </test> <!-- Fedora API Specification Tests -->
  </suite> <!-- Fedora API Specification Test Suite -->
</testng-results>
